{"/home/travis/build/npmtest/node-npmtest-jsonpath-plus/test.js":{"path":"/home/travis/build/npmtest/node-npmtest-jsonpath-plus/test.js","s":{"1":2,"2":2,"3":2,"4":2,"5":2,"6":2,"7":2,"8":1,"9":2,"10":2,"11":1,"12":1,"13":1,"14":1,"15":2,"16":2,"17":2,"18":2,"19":1,"20":1,"21":2,"22":2,"23":2,"24":1,"25":1,"26":1,"27":1,"28":1,"29":1,"30":1,"31":1,"32":1,"33":1,"34":1,"35":1,"36":1,"37":1,"38":1,"39":2,"40":2,"41":1,"42":2,"43":2,"44":1,"45":2,"46":2,"47":1,"48":2,"49":2,"50":1,"51":1,"52":1,"53":1,"54":1},"b":{"1":[2,1,1,1],"2":[1,1,1,1],"3":[1,1],"4":[1,1],"5":[1,1],"6":[1,1],"7":[1,1],"8":[1,1],"9":[1,1],"10":[1,1,1],"11":[1,1],"12":[1,1],"13":[1,1],"14":[1,1],"15":[1,1],"16":[1,1],"17":[1,1]},"f":{"1":2,"2":2,"3":2,"4":2,"5":2,"6":1,"7":1,"8":1,"9":2,"10":2,"11":2,"12":2,"13":1},"fnMap":{"1":{"name":"(anonymous_1)","line":12,"loc":{"start":{"line":12,"column":1},"end":{"line":12,"column":13}}},"2":{"name":"(anonymous_2)","line":19,"loc":{"start":{"line":19,"column":5},"end":{"line":19,"column":17}}},"3":{"name":"(anonymous_3)","line":23,"loc":{"start":{"line":23,"column":24},"end":{"line":23,"column":36}}},"4":{"name":"(anonymous_4)","line":61,"loc":{"start":{"line":61,"column":5},"end":{"line":61,"column":17}}},"5":{"name":"(anonymous_5)","line":82,"loc":{"start":{"line":82,"column":5},"end":{"line":82,"column":17}}},"6":{"name":"(anonymous_6)","line":91,"loc":{"start":{"line":91,"column":77},"end":{"line":94,"column":10}}},"7":{"name":"(anonymous_7)","line":112,"loc":{"start":{"line":112,"column":83},"end":{"line":115,"column":10}},"skip":true},"8":{"name":"(anonymous_8)","line":123,"loc":{"start":{"line":123,"column":77},"end":{"line":126,"column":10}},"skip":true},"9":{"name":"(anonymous_9)","line":139,"loc":{"start":{"line":139,"column":12},"end":{"line":139,"column":40}},"skip":true},"10":{"name":"(anonymous_10)","line":147,"loc":{"start":{"line":147,"column":77},"end":{"line":150,"column":10}},"skip":true},"11":{"name":"(anonymous_11)","line":158,"loc":{"start":{"line":158,"column":83},"end":{"line":161,"column":10}},"skip":true},"12":{"name":"(anonymous_12)","line":169,"loc":{"start":{"line":169,"column":79},"end":{"line":172,"column":10}},"skip":true},"13":{"name":"(anonymous_13)","line":180,"loc":{"start":{"line":180,"column":75},"end":{"line":183,"column":10}},"skip":true}},"statementMap":{"1":{"start":{"line":12,"column":0},"end":{"line":195,"column":5}},"2":{"start":{"line":14,"column":4},"end":{"line":14,"column":14}},"3":{"start":{"line":19,"column":4},"end":{"line":56,"column":9}},"4":{"start":{"line":21,"column":8},"end":{"line":21,"column":19}},"5":{"start":{"line":23,"column":8},"end":{"line":35,"column":13}},"6":{"start":{"line":24,"column":12},"end":{"line":34,"column":13}},"7":{"start":{"line":25,"column":16},"end":{"line":28,"column":30}},"8":{"start":{"line":30,"column":16},"end":{"line":33,"column":27}},"9":{"start":{"line":37,"column":8},"end":{"line":39,"column":21}},"10":{"start":{"line":40,"column":8},"end":{"line":53,"column":9}},"11":{"start":{"line":43,"column":12},"end":{"line":46,"column":14}},"12":{"start":{"line":47,"column":12},"end":{"line":47,"column":18}},"13":{"start":{"line":50,"column":12},"end":{"line":51,"column":46}},"14":{"start":{"line":52,"column":12},"end":{"line":52,"column":18}},"15":{"start":{"line":55,"column":8},"end":{"line":55,"column":35}},"16":{"start":{"line":61,"column":4},"end":{"line":63,"column":9}},"17":{"start":{"line":62,"column":8},"end":{"line":62,"column":15}},"18":{"start":{"line":64,"column":4},"end":{"line":77,"column":5}},"19":{"start":{"line":70,"column":8},"end":{"line":70,"column":14}},"20":{"start":{"line":76,"column":8},"end":{"line":76,"column":14}},"21":{"start":{"line":82,"column":4},"end":{"line":84,"column":9}},"22":{"start":{"line":83,"column":8},"end":{"line":83,"column":15}},"23":{"start":{"line":85,"column":4},"end":{"line":194,"column":5}},"24":{"start":{"line":91,"column":8},"end":{"line":99,"column":10}},"25":{"start":{"line":98,"column":12},"end":{"line":98,"column":35}},"26":{"start":{"line":102,"column":8},"end":{"line":104,"column":63}},"27":{"start":{"line":105,"column":8},"end":{"line":105,"column":14}},"28":{"start":{"line":112,"column":8},"end":{"line":121,"column":10},"skip":true},"29":{"start":{"line":119,"column":12},"end":{"line":119,"column":55},"skip":true},"30":{"start":{"line":120,"column":12},"end":{"line":120,"column":48},"skip":true},"31":{"start":{"line":123,"column":8},"end":{"line":136,"column":10},"skip":true},"32":{"start":{"line":130,"column":12},"end":{"line":130,"column":76},"skip":true},"33":{"start":{"line":131,"column":12},"end":{"line":131,"column":73},"skip":true},"34":{"start":{"line":132,"column":12},"end":{"line":132,"column":74},"skip":true},"35":{"start":{"line":133,"column":12},"end":{"line":133,"column":79},"skip":true},"36":{"start":{"line":134,"column":12},"end":{"line":134,"column":25},"skip":true},"37":{"start":{"line":135,"column":12},"end":{"line":135,"column":45},"skip":true},"38":{"start":{"line":138,"column":8},"end":{"line":145,"column":14},"skip":true},"39":{"start":{"line":143,"column":16},"end":{"line":143,"column":29},"skip":true},"40":{"start":{"line":144,"column":16},"end":{"line":144,"column":55},"skip":true},"41":{"start":{"line":147,"column":8},"end":{"line":156,"column":10},"skip":true},"42":{"start":{"line":154,"column":12},"end":{"line":154,"column":25},"skip":true},"43":{"start":{"line":155,"column":12},"end":{"line":155,"column":45},"skip":true},"44":{"start":{"line":158,"column":8},"end":{"line":167,"column":10},"skip":true},"45":{"start":{"line":165,"column":12},"end":{"line":165,"column":25},"skip":true},"46":{"start":{"line":166,"column":12},"end":{"line":166,"column":48},"skip":true},"47":{"start":{"line":169,"column":8},"end":{"line":178,"column":10},"skip":true},"48":{"start":{"line":176,"column":12},"end":{"line":176,"column":25},"skip":true},"49":{"start":{"line":177,"column":12},"end":{"line":177,"column":46},"skip":true},"50":{"start":{"line":180,"column":8},"end":{"line":189,"column":10},"skip":true},"51":{"start":{"line":187,"column":12},"end":{"line":187,"column":94},"skip":true},"52":{"start":{"line":188,"column":12},"end":{"line":188,"column":48},"skip":true},"53":{"start":{"line":192,"column":8},"end":{"line":192,"column":35},"skip":true},"54":{"start":{"line":193,"column":8},"end":{"line":193,"column":14},"skip":true}},"branchMap":{"1":{"line":25,"type":"binary-expr","locations":[{"start":{"line":25,"column":23},"end":{"line":25,"column":62}},{"start":{"line":26,"column":20},"end":{"line":26,"column":70}},{"start":{"line":27,"column":20},"end":{"line":27,"column":71}},{"start":{"line":28,"column":20},"end":{"line":28,"column":29}}]},"2":{"line":30,"type":"binary-expr","locations":[{"start":{"line":30,"column":23},"end":{"line":30,"column":37}},{"start":{"line":31,"column":20},"end":{"line":31,"column":61}},{"start":{"line":32,"column":20},"end":{"line":32,"column":70}},{"start":{"line":33,"column":20},"end":{"line":33,"column":26}}]},"3":{"line":37,"type":"cond-expr","locations":[{"start":{"line":38,"column":14},"end":{"line":38,"column":20}},{"start":{"line":39,"column":14},"end":{"line":39,"column":20}}]},"4":{"line":40,"type":"switch","locations":[{"start":{"line":42,"column":8},"end":{"line":47,"column":18}},{"start":{"line":49,"column":8},"end":{"line":52,"column":18}}]},"5":{"line":44,"type":"binary-expr","locations":[{"start":{"line":44,"column":16},"end":{"line":44,"column":44}},{"start":{"line":44,"column":48},"end":{"line":44,"column":66}}]},"6":{"line":50,"type":"binary-expr","locations":[{"start":{"line":50,"column":21},"end":{"line":50,"column":49}},{"start":{"line":50,"column":53},"end":{"line":50,"column":72}}]},"7":{"line":64,"type":"switch","locations":[{"start":{"line":69,"column":4},"end":{"line":70,"column":14}},{"start":{"line":75,"column":4},"end":{"line":76,"column":14}}]},"8":{"line":85,"type":"switch","locations":[{"start":{"line":90,"column":4},"end":{"line":105,"column":14}},{"start":{"line":111,"column":4},"end":{"line":193,"column":14},"skip":true}]},"9":{"line":91,"type":"binary-expr","locations":[{"start":{"line":91,"column":42},"end":{"line":91,"column":73}},{"start":{"line":91,"column":77},"end":{"line":99,"column":9}}]},"10":{"line":102,"type":"binary-expr","locations":[{"start":{"line":102,"column":18},"end":{"line":102,"column":32}},{"start":{"line":103,"column":12},"end":{"line":103,"column":53}},{"start":{"line":104,"column":12},"end":{"line":104,"column":61}}]},"11":{"line":112,"type":"binary-expr","locations":[{"start":{"line":112,"column":45},"end":{"line":112,"column":79},"skip":true},{"start":{"line":112,"column":83},"end":{"line":121,"column":9},"skip":true}]},"12":{"line":123,"type":"binary-expr","locations":[{"start":{"line":123,"column":42},"end":{"line":123,"column":73},"skip":true},{"start":{"line":123,"column":77},"end":{"line":136,"column":9},"skip":true}]},"13":{"line":138,"type":"binary-expr","locations":[{"start":{"line":138,"column":48},"end":{"line":138,"column":85},"skip":true},{"start":{"line":139,"column":12},"end":{"line":145,"column":13},"skip":true}]},"14":{"line":147,"type":"binary-expr","locations":[{"start":{"line":147,"column":42},"end":{"line":147,"column":73},"skip":true},{"start":{"line":147,"column":77},"end":{"line":156,"column":9},"skip":true}]},"15":{"line":158,"type":"binary-expr","locations":[{"start":{"line":158,"column":45},"end":{"line":158,"column":79},"skip":true},{"start":{"line":158,"column":83},"end":{"line":167,"column":9},"skip":true}]},"16":{"line":169,"type":"binary-expr","locations":[{"start":{"line":169,"column":43},"end":{"line":169,"column":75},"skip":true},{"start":{"line":169,"column":79},"end":{"line":178,"column":9},"skip":true}]},"17":{"line":180,"type":"binary-expr","locations":[{"start":{"line":180,"column":41},"end":{"line":180,"column":71},"skip":true},{"start":{"line":180,"column":75},"end":{"line":189,"column":9},"skip":true}]}},"code":["/* istanbul instrument in package npmtest_jsonpath_plus */","/*jslint","    bitwise: true,","    browser: true,","    maxerr: 8,","    maxlen: 96,","    node: true,","    nomen: true,","    regexp: true,","    stupid: true","*/","(function () {","    'use strict';","    var local;","","","","    // run shared js-env code - pre-init","    (function () {","        // init local","        local = {};","        // init modeJs","        local.modeJs = (function () {","            try {","                return typeof navigator.userAgent === 'string' &&","                    typeof document.querySelector('body') === 'object' &&","                    typeof XMLHttpRequest.prototype.open === 'function' &&","                    'browser';","            } catch (errorCaughtBrowser) {","                return module.exports &&","                    typeof process.versions.node === 'string' &&","                    typeof require('http').createServer === 'function' &&","                    'node';","            }","        }());","        // init global","        local.global = local.modeJs === 'browser'","            ? window","            : global;","        switch (local.modeJs) {","        // re-init local from window.local","        case 'browser':","            local = local.global.utility2.objectSetDefault(","                local.global.utility2_rollup || local.global.local,","                local.global.utility2","            );","            break;","        // re-init local from example.js","        case 'node':","            local = (local.global.utility2_rollup || require('utility2'))","                .requireExampleJsFromReadme();","            break;","        }","        // export local","        local.global.local = local;","    }());","","","","    // run shared js-env code - function","    (function () {","        return;","    }());","    switch (local.modeJs) {","","","","    // run browser js-env code - function","    case 'browser':","        break;","","","","    // run node js-env code - function","    case 'node':","        break;","    }","","","","    // run shared js-env code - post-init","    (function () {","        return;","    }());","    switch (local.modeJs) {","","","","    // run browser js-env code - post-init","    case 'browser':","        local.testCase_browser_nullCase = local.testCase_browser_nullCase || function (","            options,","            onError","        ) {","        /*","         * this function will test browsers's null-case handling-behavior-behavior","         */","            onError(null, options);","        };","","        // run tests","        local.nop(local.modeTest &&","            document.querySelector('#testRunButton1') &&","            document.querySelector('#testRunButton1').click());","        break;","","","","    // run node js-env code - post-init","    /* istanbul ignore next */","    case 'node':","        local.testCase_buildApidoc_default = local.testCase_buildApidoc_default || function (","            options,","            onError","        ) {","        /*","         * this function will test buildApidoc's default handling-behavior-behavior","         */","            options = { modulePathList: module.paths };","            local.buildApidoc(options, onError);","        };","","        local.testCase_buildApp_default = local.testCase_buildApp_default || function (","            options,","            onError","        ) {","        /*","         * this function will test buildApp's default handling-behavior-behavior","         */","            local.testCase_buildReadme_default(options, local.onErrorThrow);","            local.testCase_buildLib_default(options, local.onErrorThrow);","            local.testCase_buildTest_default(options, local.onErrorThrow);","            local.testCase_buildCustomOrg_default(options, local.onErrorThrow);","            options = [];","            local.buildApp(options, onError);","        };","","        local.testCase_buildCustomOrg_default = local.testCase_buildCustomOrg_default ||","            function (options, onError) {","            /*","             * this function will test buildCustomOrg's default handling-behavior","             */","                options = {};","                local.buildCustomOrg(options, onError);","            };","","        local.testCase_buildLib_default = local.testCase_buildLib_default || function (","            options,","            onError","        ) {","        /*","         * this function will test buildLib's default handling-behavior","         */","            options = {};","            local.buildLib(options, onError);","        };","","        local.testCase_buildReadme_default = local.testCase_buildReadme_default || function (","            options,","            onError","        ) {","        /*","         * this function will test buildReadme's default handling-behavior-behavior","         */","            options = {};","            local.buildReadme(options, onError);","        };","","        local.testCase_buildTest_default = local.testCase_buildTest_default || function (","            options,","            onError","        ) {","        /*","         * this function will test buildTest's default handling-behavior","         */","            options = {};","            local.buildTest(options, onError);","        };","","        local.testCase_webpage_default = local.testCase_webpage_default || function (","            options,","            onError","        ) {","        /*","         * this function will test webpage's default handling-behavior","         */","            options = { modeCoverageMerge: true, url: local.serverLocalHost + '?modeTest=1' };","            local.browserTest(options, onError);","        };","","        // run test-server","        local.testRunServer(local);","        break;","    }","}());",""],"l":{"12":2,"14":2,"19":2,"21":2,"23":2,"24":2,"25":2,"30":1,"37":2,"40":2,"43":1,"47":1,"50":1,"52":1,"55":2,"61":2,"62":2,"64":2,"70":1,"76":1,"82":2,"83":2,"85":2,"91":1,"98":1,"102":1,"105":1,"112":1,"119":1,"120":1,"123":1,"130":1,"131":1,"132":1,"133":1,"134":1,"135":1,"138":1,"143":2,"144":2,"147":1,"154":2,"155":2,"158":1,"165":2,"166":2,"169":1,"176":2,"177":2,"180":1,"187":1,"188":1,"192":1,"193":1}},"/home/travis/build/npmtest/node-npmtest-jsonpath-plus/lib.npmtest_jsonpath_plus.js":{"path":"/home/travis/build/npmtest/node-npmtest-jsonpath-plus/lib.npmtest_jsonpath_plus.js","s":{"1":2,"2":2,"3":2,"4":2,"5":2,"6":2,"7":2,"8":1,"9":2,"10":2,"11":2,"12":2,"13":1,"14":1,"15":1,"16":1},"b":{"1":[2,1,1,1],"2":[1,1,1,1],"3":[1,1],"4":[2,2],"5":[1,1]},"f":{"1":2,"2":2,"3":2},"fnMap":{"1":{"name":"(anonymous_1)","line":12,"loc":{"start":{"line":12,"column":1},"end":{"line":12,"column":13}}},"2":{"name":"(anonymous_2)","line":19,"loc":{"start":{"line":19,"column":5},"end":{"line":19,"column":17}}},"3":{"name":"(anonymous_3)","line":23,"loc":{"start":{"line":23,"column":24},"end":{"line":23,"column":36}}}},"statementMap":{"1":{"start":{"line":12,"column":0},"end":{"line":53,"column":5}},"2":{"start":{"line":14,"column":4},"end":{"line":14,"column":14}},"3":{"start":{"line":19,"column":4},"end":{"line":52,"column":9}},"4":{"start":{"line":21,"column":8},"end":{"line":21,"column":19}},"5":{"start":{"line":23,"column":8},"end":{"line":35,"column":13}},"6":{"start":{"line":24,"column":12},"end":{"line":34,"column":13}},"7":{"start":{"line":25,"column":16},"end":{"line":28,"column":30}},"8":{"start":{"line":30,"column":16},"end":{"line":33,"column":27}},"9":{"start":{"line":37,"column":8},"end":{"line":39,"column":21}},"10":{"start":{"line":41,"column":8},"end":{"line":41,"column":54}},"11":{"start":{"line":43,"column":8},"end":{"line":43,"column":58}},"12":{"start":{"line":45,"column":8},"end":{"line":51,"column":9}},"13":{"start":{"line":46,"column":12},"end":{"line":46,"column":64}},"14":{"start":{"line":48,"column":12},"end":{"line":48,"column":35}},"15":{"start":{"line":49,"column":12},"end":{"line":49,"column":49}},"16":{"start":{"line":50,"column":12},"end":{"line":50,"column":43}}},"branchMap":{"1":{"line":25,"type":"binary-expr","locations":[{"start":{"line":25,"column":23},"end":{"line":25,"column":62}},{"start":{"line":26,"column":20},"end":{"line":26,"column":70}},{"start":{"line":27,"column":20},"end":{"line":27,"column":71}},{"start":{"line":28,"column":20},"end":{"line":28,"column":29}}]},"2":{"line":30,"type":"binary-expr","locations":[{"start":{"line":30,"column":23},"end":{"line":30,"column":37}},{"start":{"line":31,"column":20},"end":{"line":31,"column":61}},{"start":{"line":32,"column":20},"end":{"line":32,"column":70}},{"start":{"line":33,"column":20},"end":{"line":33,"column":26}}]},"3":{"line":37,"type":"cond-expr","locations":[{"start":{"line":38,"column":14},"end":{"line":38,"column":20}},{"start":{"line":39,"column":14},"end":{"line":39,"column":20}}]},"4":{"line":41,"type":"binary-expr","locations":[{"start":{"line":41,"column":16},"end":{"line":41,"column":44}},{"start":{"line":41,"column":48},"end":{"line":41,"column":53}}]},"5":{"line":45,"type":"if","locations":[{"start":{"line":45,"column":8},"end":{"line":45,"column":8}},{"start":{"line":45,"column":8},"end":{"line":45,"column":8}}]}},"code":["/* istanbul instrument in package npmtest_jsonpath_plus */","/*jslint","    bitwise: true,","    browser: true,","    maxerr: 8,","    maxlen: 96,","    node: true,","    nomen: true,","    regexp: true,","    stupid: true","*/","(function () {","    'use strict';","    var local;","","","","    // run shared js-env code - pre-init","    (function () {","        // init local","        local = {};","        // init modeJs","        local.modeJs = (function () {","            try {","                return typeof navigator.userAgent === 'string' &&","                    typeof document.querySelector('body') === 'object' &&","                    typeof XMLHttpRequest.prototype.open === 'function' &&","                    'browser';","            } catch (errorCaughtBrowser) {","                return module.exports &&","                    typeof process.versions.node === 'string' &&","                    typeof require('http').createServer === 'function' &&","                    'node';","            }","        }());","        // init global","        local.global = local.modeJs === 'browser'","            ? window","            : global;","        // init utility2_rollup","        local = local.global.utility2_rollup || local;","        // init lib","        local.local = local.npmtest_jsonpath_plus = local;","        // init exports","        if (local.modeJs === 'browser') {","            local.global.utility2_npmtest_jsonpath_plus = local;","        } else {","            module.exports = local;","            module.exports.__dirname = __dirname;","            module.exports.module = module;","        }","    }());","}());",""],"l":{"12":2,"14":2,"19":2,"21":2,"23":2,"24":2,"25":2,"30":1,"37":2,"41":2,"43":2,"45":2,"46":1,"48":1,"49":1,"50":1}},"/home/travis/build/npmtest/node-npmtest-jsonpath-plus/example.js":{"path":"/home/travis/build/npmtest/node-npmtest-jsonpath-plus/example.js","s":{"1":2,"2":2,"3":2,"4":2,"5":2,"6":2,"7":2,"8":1,"9":2,"10":2,"11":2,"12":2,"13":1,"14":2,"15":2,"16":2,"17":2,"18":2,"19":0,"20":2,"21":1,"22":1,"23":1,"24":1,"25":1,"26":0,"27":0,"28":1,"29":1,"30":2,"31":0,"32":0,"33":0,"34":1,"35":2,"36":2,"37":3,"38":3,"39":3,"40":3,"41":0,"42":3,"43":3,"44":3,"45":1,"46":3,"47":1,"48":1,"49":1,"50":1,"51":1,"52":1,"53":1,"54":1,"55":1,"56":1,"57":0,"58":1,"59":6,"60":6,"61":1,"62":2,"63":0,"64":2,"65":1,"66":1,"67":0,"68":0,"69":0,"70":0,"71":0,"72":0,"73":0,"74":0,"75":0,"76":0,"77":0,"78":0,"79":0,"80":0,"81":0,"82":0,"83":0},"b":{"1":[2,1,1,1],"2":[1,1,1,1],"3":[1,1],"4":[2,2],"5":[1,1],"6":[1,1],"7":[2,0],"8":[2,1,1,1,1,1],"9":[0,2,0],"10":[1,1],"11":[2,1,1],"12":[1,0],"13":[0,2],"14":[2,0,0,0,0,0,0],"15":[0,3],"16":[3,0],"17":[1,1],"18":[0,1],"19":[1,2,0,2],"20":[1,0],"21":[1,1],"22":[0,0],"23":[0,0],"24":[0,0],"25":[0,0],"26":[0,0],"27":[0,0],"28":[0,0]},"f":{"1":2,"2":2,"3":2,"4":2,"5":2,"6":2,"7":3,"8":3,"9":3,"10":1,"11":6,"12":0},"fnMap":{"1":{"name":"(anonymous_1)","line":26,"loc":{"start":{"line":26,"column":1},"end":{"line":26,"column":13}}},"2":{"name":"(anonymous_2)","line":33,"loc":{"start":{"line":33,"column":5},"end":{"line":33,"column":17}}},"3":{"name":"(anonymous_3)","line":37,"loc":{"start":{"line":37,"column":24},"end":{"line":37,"column":36}}},"4":{"name":"(anonymous_4)","line":69,"loc":{"start":{"line":69,"column":31},"end":{"line":69,"column":48}},"skip":true},"5":{"name":"(anonymous_5)","line":78,"loc":{"start":{"line":78,"column":26},"end":{"line":78,"column":45}},"skip":true},"6":{"name":"(anonymous_6)","line":123,"loc":{"start":{"line":123,"column":33},"end":{"line":123,"column":48}},"skip":true},"7":{"name":"(anonymous_7)","line":125,"loc":{"start":{"line":125,"column":27},"end":{"line":125,"column":39}},"skip":true},"8":{"name":"(anonymous_8)","line":133,"loc":{"start":{"line":133,"column":59},"end":{"line":133,"column":74}},"skip":true},"9":{"name":"(anonymous_9)","line":143,"loc":{"start":{"line":143,"column":45},"end":{"line":143,"column":62}},"skip":true},"10":{"name":"(anonymous_10)","line":144,"loc":{"start":{"line":144,"column":73},"end":{"line":144,"column":92}},"skip":true},"11":{"name":"(anonymous_11)","line":272,"loc":{"start":{"line":272,"column":51},"end":{"line":272,"column":77}},"skip":true},"12":{"name":"(anonymous_12)","line":315,"loc":{"start":{"line":315,"column":32},"end":{"line":315,"column":61}},"skip":true}},"statementMap":{"1":{"start":{"line":26,"column":0},"end":{"line":326,"column":5}},"2":{"start":{"line":28,"column":4},"end":{"line":28,"column":14}},"3":{"start":{"line":33,"column":4},"end":{"line":60,"column":9}},"4":{"start":{"line":35,"column":8},"end":{"line":35,"column":19}},"5":{"start":{"line":37,"column":8},"end":{"line":49,"column":13}},"6":{"start":{"line":38,"column":12},"end":{"line":48,"column":13}},"7":{"start":{"line":39,"column":16},"end":{"line":42,"column":30}},"8":{"start":{"line":44,"column":16},"end":{"line":47,"column":27}},"9":{"start":{"line":51,"column":8},"end":{"line":53,"column":21}},"10":{"start":{"line":55,"column":8},"end":{"line":57,"column":45}},"11":{"start":{"line":59,"column":8},"end":{"line":59,"column":35}},"12":{"start":{"line":61,"column":4},"end":{"line":325,"column":5}},"13":{"start":{"line":69,"column":8},"end":{"line":121,"column":10},"skip":true},"14":{"start":{"line":70,"column":12},"end":{"line":88,"column":13},"skip":true},"15":{"start":{"line":76,"column":16},"end":{"line":87,"column":19},"skip":true},"16":{"start":{"line":79,"column":20},"end":{"line":86,"column":21},"skip":true},"17":{"start":{"line":82,"column":24},"end":{"line":82,"column":43},"skip":true},"18":{"start":{"line":83,"column":24},"end":{"line":83,"column":30},"skip":true},"19":{"start":{"line":85,"column":24},"end":{"line":85,"column":49},"skip":true},"20":{"start":{"line":89,"column":12},"end":{"line":107,"column":13},"skip":true},"21":{"start":{"line":92,"column":16},"end":{"line":102,"column":17},"skip":true},"22":{"start":{"line":93,"column":20},"end":{"line":93,"column":86},"skip":true},"23":{"start":{"line":94,"column":20},"end":{"line":95,"column":45},"skip":true},"24":{"start":{"line":96,"column":20},"end":{"line":96,"column":42},"skip":true},"25":{"start":{"line":97,"column":20},"end":{"line":97,"column":48},"skip":true},"26":{"start":{"line":100,"column":20},"end":{"line":100,"column":85},"skip":true},"27":{"start":{"line":101,"column":20},"end":{"line":101,"column":96},"skip":true},"28":{"start":{"line":103,"column":16},"end":{"line":103,"column":22},"skip":true},"29":{"start":{"line":106,"column":16},"end":{"line":106,"column":22},"skip":true},"30":{"start":{"line":108,"column":12},"end":{"line":120,"column":13},"skip":true},"31":{"start":{"line":114,"column":16},"end":{"line":119,"column":17},"skip":true},"32":{"start":{"line":116,"column":20},"end":{"line":116,"column":78},"skip":true},"33":{"start":{"line":118,"column":20},"end":{"line":118,"column":47},"skip":true},"34":{"start":{"line":123,"column":8},"end":{"line":141,"column":11},"skip":true},"35":{"start":{"line":124,"column":12},"end":{"line":124,"column":54},"skip":true},"36":{"start":{"line":125,"column":12},"end":{"line":140,"column":14},"skip":true},"37":{"start":{"line":126,"column":16},"end":{"line":126,"column":28},"skip":true},"38":{"start":{"line":127,"column":16},"end":{"line":127,"column":69},"skip":true},"39":{"start":{"line":128,"column":16},"end":{"line":128,"column":75},"skip":true},"40":{"start":{"line":129,"column":16},"end":{"line":131,"column":17},"skip":true},"41":{"start":{"line":130,"column":20},"end":{"line":130,"column":27},"skip":true},"42":{"start":{"line":133,"column":16},"end":{"line":137,"column":36},"skip":true},"43":{"start":{"line":134,"column":20},"end":{"line":136,"column":55},"skip":true},"44":{"start":{"line":139,"column":16},"end":{"line":139,"column":57},"skip":true},"45":{"start":{"line":143,"column":8},"end":{"line":147,"column":11},"skip":true},"46":{"start":{"line":144,"column":12},"end":{"line":146,"column":15},"skip":true},"47":{"start":{"line":145,"column":16},"end":{"line":145,"column":70},"skip":true},"48":{"start":{"line":149,"column":8},"end":{"line":149,"column":31},"skip":true},"49":{"start":{"line":150,"column":8},"end":{"line":150,"column":14},"skip":true},"50":{"start":{"line":158,"column":8},"end":{"line":158,"column":31},"skip":true},"51":{"start":{"line":160,"column":8},"end":{"line":160,"column":33},"skip":true},"52":{"start":{"line":161,"column":8},"end":{"line":161,"column":37},"skip":true},"53":{"start":{"line":162,"column":8},"end":{"line":162,"column":35},"skip":true},"54":{"start":{"line":164,"column":8},"end":{"line":164,"column":50},"skip":true},"55":{"start":{"line":166,"column":8},"end":{"line":256,"column":2},"skip":true},"56":{"start":{"line":258,"column":8},"end":{"line":286,"column":9},"skip":true},"57":{"start":{"line":259,"column":12},"end":{"line":269,"column":14},"skip":true},"58":{"start":{"line":271,"column":12},"end":{"line":285,"column":19},"skip":true},"59":{"start":{"line":274,"column":20},"end":{"line":274,"column":35},"skip":true},"60":{"start":{"line":275,"column":20},"end":{"line":284,"column":21},"skip":true},"61":{"start":{"line":277,"column":24},"end":{"line":277,"column":64},"skip":true},"62":{"start":{"line":279,"column":24},"end":{"line":279,"column":40},"skip":true},"63":{"start":{"line":281,"column":24},"end":{"line":281,"column":40},"skip":true},"64":{"start":{"line":283,"column":24},"end":{"line":283,"column":39},"skip":true},"65":{"start":{"line":288,"column":8},"end":{"line":290,"column":9},"skip":true},"66":{"start":{"line":289,"column":12},"end":{"line":289,"column":18},"skip":true},"67":{"start":{"line":291,"column":8},"end":{"line":293,"column":54},"skip":true},"68":{"start":{"line":296,"column":8},"end":{"line":301,"column":37},"skip":true},"69":{"start":{"line":303,"column":8},"end":{"line":303,"column":82},"skip":true},"70":{"start":{"line":306,"column":8},"end":{"line":308,"column":9},"skip":true},"71":{"start":{"line":307,"column":12},"end":{"line":307,"column":82},"skip":true},"72":{"start":{"line":310,"column":8},"end":{"line":312,"column":9},"skip":true},"73":{"start":{"line":311,"column":12},"end":{"line":311,"column":18},"skip":true},"74":{"start":{"line":313,"column":8},"end":{"line":313,"column":54},"skip":true},"75":{"start":{"line":314,"column":8},"end":{"line":314,"column":69},"skip":true},"76":{"start":{"line":315,"column":8},"end":{"line":323,"column":36},"skip":true},"77":{"start":{"line":316,"column":12},"end":{"line":316,"column":61},"skip":true},"78":{"start":{"line":317,"column":12},"end":{"line":320,"column":13},"skip":true},"79":{"start":{"line":318,"column":16},"end":{"line":318,"column":75},"skip":true},"80":{"start":{"line":319,"column":16},"end":{"line":319,"column":23},"skip":true},"81":{"start":{"line":321,"column":12},"end":{"line":321,"column":38},"skip":true},"82":{"start":{"line":322,"column":12},"end":{"line":322,"column":27},"skip":true},"83":{"start":{"line":324,"column":8},"end":{"line":324,"column":14},"skip":true}},"branchMap":{"1":{"line":39,"type":"binary-expr","locations":[{"start":{"line":39,"column":23},"end":{"line":39,"column":62}},{"start":{"line":40,"column":20},"end":{"line":40,"column":70}},{"start":{"line":41,"column":20},"end":{"line":41,"column":71}},{"start":{"line":42,"column":20},"end":{"line":42,"column":29}}]},"2":{"line":44,"type":"binary-expr","locations":[{"start":{"line":44,"column":23},"end":{"line":44,"column":37}},{"start":{"line":45,"column":20},"end":{"line":45,"column":61}},{"start":{"line":46,"column":20},"end":{"line":46,"column":70}},{"start":{"line":47,"column":20},"end":{"line":47,"column":26}}]},"3":{"line":51,"type":"cond-expr","locations":[{"start":{"line":52,"column":14},"end":{"line":52,"column":20}},{"start":{"line":53,"column":14},"end":{"line":53,"column":20}}]},"4":{"line":55,"type":"binary-expr","locations":[{"start":{"line":55,"column":16},"end":{"line":55,"column":44}},{"start":{"line":55,"column":49},"end":{"line":57,"column":43}}]},"5":{"line":55,"type":"cond-expr","locations":[{"start":{"line":56,"column":14},"end":{"line":56,"column":57}},{"start":{"line":57,"column":14},"end":{"line":57,"column":43}}]},"6":{"line":61,"type":"switch","locations":[{"start":{"line":68,"column":4},"end":{"line":150,"column":14},"skip":true},{"start":{"line":156,"column":4},"end":{"line":324,"column":14},"skip":true}]},"7":{"line":70,"type":"if","locations":[{"start":{"line":70,"column":12},"end":{"line":70,"column":12},"skip":true},{"start":{"line":70,"column":12},"end":{"line":70,"column":12},"skip":true}]},"8":{"line":70,"type":"binary-expr","locations":[{"start":{"line":70,"column":16},"end":{"line":70,"column":22},"skip":true},{"start":{"line":70,"column":27},"end":{"line":70,"column":32},"skip":true},{"start":{"line":71,"column":20},"end":{"line":71,"column":39},"skip":true},{"start":{"line":72,"column":20},"end":{"line":72,"column":49},"skip":true},{"start":{"line":73,"column":20},"end":{"line":73,"column":58},"skip":true},{"start":{"line":74,"column":20},"end":{"line":74,"column":69},"skip":true}]},"9":{"line":79,"type":"switch","locations":[{"start":{"line":80,"column":20},"end":{"line":80,"column":33},"skip":true},{"start":{"line":81,"column":20},"end":{"line":83,"column":30},"skip":true},{"start":{"line":84,"column":20},"end":{"line":85,"column":49},"skip":true}]},"10":{"line":89,"type":"switch","locations":[{"start":{"line":90,"column":12},"end":{"line":103,"column":22},"skip":true},{"start":{"line":105,"column":12},"end":{"line":106,"column":22},"skip":true}]},"11":{"line":89,"type":"binary-expr","locations":[{"start":{"line":89,"column":20},"end":{"line":89,"column":25},"skip":true},{"start":{"line":89,"column":29},"end":{"line":89,"column":48},"skip":true},{"start":{"line":89,"column":52},"end":{"line":89,"column":74},"skip":true}]},"12":{"line":92,"type":"if","locations":[{"start":{"line":92,"column":16},"end":{"line":92,"column":16},"skip":true},{"start":{"line":92,"column":16},"end":{"line":92,"column":16},"skip":true}]},"13":{"line":108,"type":"if","locations":[{"start":{"line":108,"column":12},"end":{"line":108,"column":12},"skip":true},{"start":{"line":108,"column":12},"end":{"line":108,"column":12},"skip":true}]},"14":{"line":108,"type":"binary-expr","locations":[{"start":{"line":108,"column":16},"end":{"line":108,"column":61},"skip":true},{"start":{"line":108,"column":66},"end":{"line":108,"column":72},"skip":true},{"start":{"line":108,"column":77},"end":{"line":108,"column":82},"skip":true},{"start":{"line":109,"column":20},"end":{"line":109,"column":39},"skip":true},{"start":{"line":110,"column":20},"end":{"line":110,"column":49},"skip":true},{"start":{"line":111,"column":20},"end":{"line":111,"column":58},"skip":true},{"start":{"line":112,"column":20},"end":{"line":112,"column":68},"skip":true}]},"15":{"line":129,"type":"if","locations":[{"start":{"line":129,"column":16},"end":{"line":129,"column":16},"skip":true},{"start":{"line":129,"column":16},"end":{"line":129,"column":16},"skip":true}]},"16":{"line":134,"type":"cond-expr","locations":[{"start":{"line":135,"column":26},"end":{"line":135,"column":29},"skip":true},{"start":{"line":136,"column":26},"end":{"line":136,"column":54},"skip":true}]},"17":{"line":164,"type":"binary-expr","locations":[{"start":{"line":164,"column":27},"end":{"line":164,"column":43},"skip":true},{"start":{"line":164,"column":47},"end":{"line":164,"column":49},"skip":true}]},"18":{"line":258,"type":"if","locations":[{"start":{"line":258,"column":8},"end":{"line":258,"column":8},"skip":true},{"start":{"line":258,"column":8},"end":{"line":258,"column":8},"skip":true}]},"19":{"line":275,"type":"switch","locations":[{"start":{"line":276,"column":20},"end":{"line":277,"column":64},"skip":true},{"start":{"line":278,"column":20},"end":{"line":279,"column":40},"skip":true},{"start":{"line":280,"column":20},"end":{"line":281,"column":40},"skip":true},{"start":{"line":282,"column":20},"end":{"line":283,"column":39},"skip":true}]},"20":{"line":288,"type":"if","locations":[{"start":{"line":288,"column":8},"end":{"line":288,"column":8},"skip":true},{"start":{"line":288,"column":8},"end":{"line":288,"column":8},"skip":true}]},"21":{"line":288,"type":"binary-expr","locations":[{"start":{"line":288,"column":12},"end":{"line":288,"column":40},"skip":true},{"start":{"line":288,"column":44},"end":{"line":288,"column":67},"skip":true}]},"22":{"line":292,"type":"binary-expr","locations":[{"start":{"line":292,"column":12},"end":{"line":292,"column":50},"skip":true},{"start":{"line":293,"column":12},"end":{"line":293,"column":53},"skip":true}]},"23":{"line":297,"type":"binary-expr","locations":[{"start":{"line":297,"column":12},"end":{"line":297,"column":71},"skip":true},{"start":{"line":298,"column":12},"end":{"line":301,"column":36},"skip":true}]},"24":{"line":303,"type":"binary-expr","locations":[{"start":{"line":303,"column":43},"end":{"line":303,"column":75},"skip":true},{"start":{"line":303,"column":79},"end":{"line":303,"column":81},"skip":true}]},"25":{"line":306,"type":"if","locations":[{"start":{"line":306,"column":8},"end":{"line":306,"column":8},"skip":true},{"start":{"line":306,"column":8},"end":{"line":306,"column":8},"skip":true}]},"26":{"line":310,"type":"if","locations":[{"start":{"line":310,"column":8},"end":{"line":310,"column":8},"skip":true},{"start":{"line":310,"column":8},"end":{"line":310,"column":8},"skip":true}]},"27":{"line":313,"type":"binary-expr","locations":[{"start":{"line":313,"column":27},"end":{"line":313,"column":43},"skip":true},{"start":{"line":313,"column":47},"end":{"line":313,"column":53},"skip":true}]},"28":{"line":317,"type":"if","locations":[{"start":{"line":317,"column":12},"end":{"line":317,"column":12},"skip":true},{"start":{"line":317,"column":12},"end":{"line":317,"column":12},"skip":true}]}},"code":["/*","example.js","","quickstart example","","instruction","    1. save this script as example.js","    2. run the shell command:","        $ npm install npmtest-jsonpath-plus && PORT=8081 node example.js","    3. play with the browser-demo on http://127.0.0.1:8081","*/","","","","/* istanbul instrument in package npmtest_jsonpath_plus */","/*jslint","    bitwise: true,","    browser: true,","    maxerr: 8,","    maxlen: 96,","    node: true,","    nomen: true,","    regexp: true,","    stupid: true","*/","(function () {","    'use strict';","    var local;","","","","    // run shared js-env code - pre-init","    (function () {","        // init local","        local = {};","        // init modeJs","        local.modeJs = (function () {","            try {","                return typeof navigator.userAgent === 'string' &&","                    typeof document.querySelector('body') === 'object' &&","                    typeof XMLHttpRequest.prototype.open === 'function' &&","                    'browser';","            } catch (errorCaughtBrowser) {","                return module.exports &&","                    typeof process.versions.node === 'string' &&","                    typeof require('http').createServer === 'function' &&","                    'node';","            }","        }());","        // init global","        local.global = local.modeJs === 'browser'","            ? window","            : global;","        // init utility2_rollup","        local = local.global.utility2_rollup || (local.modeJs === 'browser'","            ? local.global.utility2_npmtest_jsonpath_plus","            : global.utility2_moduleExports);","        // export local","        local.global.local = local;","    }());","    switch (local.modeJs) {","","","","    // post-init","    // run browser js-env code - post-init","    /* istanbul ignore next */","    case 'browser':","        local.testRunBrowser = function (event) {","            if (!event || (event &&","                    event.currentTarget &&","                    event.currentTarget.className &&","                    event.currentTarget.className.includes &&","                    event.currentTarget.className.includes('onreset'))) {","                // reset output","                Array.from(","                    document.querySelectorAll('body > .resettable')","                ).forEach(function (element) {","                    switch (element.tagName) {","                    case 'INPUT':","                    case 'TEXTAREA':","                        element.value = '';","                        break;","                    default:","                        element.textContent = '';","                    }","                });","            }","            switch (event && event.currentTarget && event.currentTarget.id) {","            case 'testRunButton1':","                // show tests","                if (document.querySelector('#testReportDiv1').style.display === 'none') {","                    document.querySelector('#testReportDiv1').style.display = 'block';","                    document.querySelector('#testRunButton1').textContent =","                        'hide internal test';","                    local.modeTest = true;","                    local.testRunDefault(local);","                // hide tests","                } else {","                    document.querySelector('#testReportDiv1').style.display = 'none';","                    document.querySelector('#testRunButton1').textContent = 'run internal test';","                }","                break;","            // custom-case","            default:","                break;","            }","            if (document.querySelector('#inputTextareaEval1') && (!event || (event &&","                    event.currentTarget &&","                    event.currentTarget.className &&","                    event.currentTarget.className.includes &&","                    event.currentTarget.className.includes('oneval')))) {","                // try to eval input-code","                try {","                    /*jslint evil: true*/","                    eval(document.querySelector('#inputTextareaEval1').value);","                } catch (errorCaught) {","                    console.error(errorCaught);","                }","            }","        };","        // log stderr and stdout to #outputTextareaStdout1","        ['error', 'log'].forEach(function (key) {","            console[key + '_original'] = console[key];","            console[key] = function () {","                var element;","                console[key + '_original'].apply(console, arguments);","                element = document.querySelector('#outputTextareaStdout1');","                if (!element) {","                    return;","                }","                // append text to #outputTextareaStdout1","                element.value += Array.from(arguments).map(function (arg) {","                    return typeof arg === 'string'","                        ? arg","                        : JSON.stringify(arg, null, 4);","                }).join(' ') + '\\n';","                // scroll textarea to bottom","                element.scrollTop = element.scrollHeight;","            };","        });","        // init event-handling","        ['change', 'click', 'keyup'].forEach(function (event) {","            Array.from(document.querySelectorAll('.on' + event)).forEach(function (element) {","                element.addEventListener(event, local.testRunBrowser);","            });","        });","        // run tests","        local.testRunBrowser();","        break;","","","","    // run node js-env code - post-init","    /* istanbul ignore next */","    case 'node':","        // export local","        module.exports = local;","        // require modules","        local.fs = require('fs');","        local.http = require('http');","        local.url = require('url');","        // init assets","        local.assetsDict = local.assetsDict || {};","        /* jslint-ignore-begin */","        local.assetsDict['/assets.index.template.html'] = '\\","<!doctype html>\\n\\","<html lang=\"en\">\\n\\","<head>\\n\\","<meta charset=\"UTF-8\">\\n\\","<meta name=\"viewport\" content=\"width=device-width, initial-scale=1\">\\n\\","<title>{{env.npm_package_name}} (v{{env.npm_package_version}})</title>\\n\\","<style>\\n\\","/*csslint\\n\\","    box-sizing: false,\\n\\","    universal-selector: false\\n\\","*/\\n\\","* {\\n\\","    box-sizing: border-box;\\n\\","}\\n\\","body {\\n\\","    background: #dde;\\n\\","    font-family: Arial, Helvetica, sans-serif;\\n\\","    margin: 2rem;\\n\\","}\\n\\","body > * {\\n\\","    margin-bottom: 1rem;\\n\\","}\\n\\",".utility2FooterDiv {\\n\\","    margin-top: 20px;\\n\\","    text-align: center;\\n\\","}\\n\\","</style>\\n\\","<style>\\n\\","/*csslint\\n\\","*/\\n\\","textarea {\\n\\","    font-family: monospace;\\n\\","    height: 10rem;\\n\\","    width: 100%;\\n\\","}\\n\\","textarea[readonly] {\\n\\","    background: #ddd;\\n\\","}\\n\\","</style>\\n\\","</head>\\n\\","<body>\\n\\","<!-- utility2-comment\\n\\","<div id=\"ajaxProgressDiv1\" style=\"background: #d00; height: 2px; left: 0; margin: 0; padding: 0; position: fixed; top: 0; transition: background 0.5s, width 1.5s; width: 25%;\"></div>\\n\\","utility2-comment -->\\n\\","<h1>\\n\\","<!-- utility2-comment\\n\\","    <a\\n\\","        {{#if env.npm_package_homepage}}\\n\\","        href=\"{{env.npm_package_homepage}}\"\\n\\","        {{/if env.npm_package_homepage}}\\n\\","        target=\"_blank\"\\n\\","    >\\n\\","utility2-comment -->\\n\\","        {{env.npm_package_name}} (v{{env.npm_package_version}})\\n\\","<!-- utility2-comment\\n\\","    </a>\\n\\","utility2-comment -->\\n\\","</h1>\\n\\","<h3>{{env.npm_package_description}}</h3>\\n\\","<!-- utility2-comment\\n\\","<h4><a download href=\"assets.app.js\">download standalone app</a></h4>\\n\\","<button class=\"onclick onreset\" id=\"testRunButton1\">run internal test</button><br>\\n\\","<div id=\"testReportDiv1\" style=\"display: none;\"></div>\\n\\","utility2-comment -->\\n\\","\\n\\","\\n\\","\\n\\","<label>stderr and stdout</label>\\n\\","<textarea class=\"resettable\" id=\"outputTextareaStdout1\" readonly></textarea>\\n\\","<!-- utility2-comment\\n\\","{{#if isRollup}}\\n\\","<script src=\"assets.app.js\"></script>\\n\\","{{#unless isRollup}}\\n\\","utility2-comment -->\\n\\","<script src=\"assets.utility2.rollup.js\"></script>\\n\\","<script src=\"jsonp.utility2._stateInit?callback=window.utility2._stateInit\"></script>\\n\\","<script src=\"assets.npmtest_jsonpath_plus.rollup.js\"></script>\\n\\","<script src=\"assets.example.js\"></script>\\n\\","<script src=\"assets.test.js\"></script>\\n\\","<!-- utility2-comment\\n\\","{{/if isRollup}}\\n\\","utility2-comment -->\\n\\","<div class=\"utility2FooterDiv\">\\n\\","    [ this app was created with\\n\\","    <a href=\"https://github.com/kaizhu256/node-utility2\" target=\"_blank\">utility2</a>\\n\\","    ]\\n\\","</div>\\n\\","</body>\\n\\","</html>\\n\\","';","        /* jslint-ignore-end */","        if (local.templateRender) {","            local.assetsDict['/'] = local.templateRender(","                local.assetsDict['/assets.index.template.html'],","                {","                    env: local.objectSetDefault(local.env, {","                        npm_package_description: 'the greatest app in the world!',","                        npm_package_name: 'my-app',","                        npm_package_nameAlias: 'my_app',","                        npm_package_version: '0.0.1'","                    })","                }","            );","        } else {","            local.assetsDict['/'] = local.assetsDict['/assets.index.template.html']","                .replace((/\\{\\{env\\.(\\w+?)\\}\\}/g), function (match0, match1) {","                    // jslint-hack","                    String(match0);","                    switch (match1) {","                    case 'npm_package_description':","                        return 'the greatest app in the world!';","                    case 'npm_package_name':","                        return 'my-app';","                    case 'npm_package_nameAlias':","                        return 'my_app';","                    case 'npm_package_version':","                        return '0.0.1';","                    }","                });","        }","        // run the cli","        if (local.global.utility2_rollup || module !== require.main) {","            break;","        }","        local.assetsDict['/assets.example.js'] =","            local.assetsDict['/assets.example.js'] ||","            local.fs.readFileSync(__filename, 'utf8');","        // bug-workaround - long $npm_package_buildCustomOrg","        /* jslint-ignore-begin */","        local.assetsDict['/assets.npmtest_jsonpath_plus.rollup.js'] =","            local.assetsDict['/assets.npmtest_jsonpath_plus.rollup.js'] ||","            local.fs.readFileSync(","                local.npmtest_jsonpath_plus.__dirname + '/lib.npmtest_jsonpath_plus.js',","                'utf8'","            ).replace((/^#!/), '//');","        /* jslint-ignore-end */","        local.assetsDict['/favicon.ico'] = local.assetsDict['/favicon.ico'] || '';","        // if $npm_config_timeout_exit exists,","        // then exit this process after $npm_config_timeout_exit ms","        if (Number(process.env.npm_config_timeout_exit)) {","            setTimeout(process.exit, Number(process.env.npm_config_timeout_exit));","        }","        // start server","        if (local.global.utility2_serverHttp1) {","            break;","        }","        process.env.PORT = process.env.PORT || '8081';","        console.error('server starting on port ' + process.env.PORT);","        local.http.createServer(function (request, response) {","            request.urlParsed = local.url.parse(request.url);","            if (local.assetsDict[request.urlParsed.pathname] !== undefined) {","                response.end(local.assetsDict[request.urlParsed.pathname]);","                return;","            }","            response.statusCode = 404;","            response.end();","        }).listen(process.env.PORT);","        break;","    }","}());",""],"l":{"26":2,"28":2,"33":2,"35":2,"37":2,"38":2,"39":2,"44":1,"51":2,"55":2,"59":2,"61":2,"69":1,"70":2,"76":2,"79":2,"82":2,"83":2,"85":1,"89":2,"92":1,"93":1,"94":1,"96":1,"97":1,"100":1,"101":1,"103":1,"106":1,"108":2,"114":1,"116":1,"118":1,"123":1,"124":2,"125":2,"126":3,"127":3,"128":3,"129":3,"130":1,"133":3,"134":3,"139":3,"143":1,"144":3,"145":1,"149":1,"150":1,"158":1,"160":1,"161":1,"162":1,"164":1,"166":1,"258":1,"259":1,"271":1,"274":6,"275":6,"277":1,"279":2,"281":1,"283":2,"288":1,"289":1,"291":1,"296":1,"303":1,"306":1,"307":1,"310":1,"311":1,"313":1,"314":1,"315":1,"316":1,"317":1,"318":1,"319":1,"321":1,"322":1,"324":1}},"/home/travis/build/npmtest/node-npmtest-jsonpath-plus/node_modules/jsonpath-plus/lib/jsonpath.js":{"path":"/home/travis/build/npmtest/node-npmtest-jsonpath-plus/node_modules/jsonpath-plus/lib/jsonpath.js","s":{"1":1,"2":1,"3":1,"4":1,"5":1,"6":0,"7":0,"8":1,"9":0,"10":0,"11":1,"12":0,"13":0,"14":0,"15":0,"16":1,"17":0,"18":0,"19":0,"20":0,"21":0,"22":0,"23":0,"24":0,"25":0,"26":0,"27":1,"28":0,"29":0,"30":0,"31":1,"32":0,"33":0,"34":0,"35":1,"36":0,"37":0,"38":0,"39":1,"40":0,"41":0,"42":0,"43":0,"44":0,"45":0,"46":0,"47":0,"48":0,"49":0,"50":0,"51":0,"52":0,"53":0,"54":0,"55":0,"56":0,"57":0,"58":0,"59":0,"60":0,"61":0,"62":0,"63":0,"64":0,"65":0,"66":0,"67":0,"68":0,"69":0,"70":0,"71":1,"72":0,"73":0,"74":0,"75":0,"76":0,"77":0,"78":0,"79":0,"80":0,"81":0,"82":0,"83":0,"84":0,"85":0,"86":0,"87":0,"88":0,"89":0,"90":0,"91":0,"92":0,"93":0,"94":0,"95":0,"96":0,"97":0,"98":0,"99":0,"100":0,"101":0,"102":0,"103":0,"104":0,"105":0,"106":0,"107":0,"108":0,"109":0,"110":0,"111":0,"112":0,"113":0,"114":0,"115":0,"116":0,"117":0,"118":1,"119":0,"120":0,"121":0,"122":0,"123":0,"124":0,"125":0,"126":1,"127":0,"128":0,"129":0,"130":0,"131":1,"132":0,"133":0,"134":0,"135":0,"136":0,"137":0,"138":0,"139":1,"140":0,"141":1,"142":0,"143":0,"144":0,"145":0,"146":0,"147":0,"148":0,"149":0,"150":0,"151":0,"152":0,"153":0,"154":0,"155":0,"156":0,"157":0,"158":0,"159":0,"160":0,"161":0,"162":0,"163":0,"164":0,"165":0,"166":0,"167":0,"168":0,"169":0,"170":0,"171":0,"172":0,"173":0,"174":0,"175":0,"176":0,"177":0,"178":0,"179":0,"180":0,"181":0,"182":0,"183":0,"184":0,"185":0,"186":0,"187":0,"188":0,"189":0,"190":0,"191":0,"192":0,"193":0,"194":0,"195":0,"196":0,"197":0,"198":0,"199":0,"200":0,"201":0,"202":0,"203":0,"204":0,"205":0,"206":0,"207":0,"208":0,"209":0,"210":0,"211":0,"212":0,"213":0,"214":0,"215":0,"216":0,"217":0,"218":0,"219":0,"220":0,"221":0,"222":0,"223":0,"224":0,"225":0,"226":0,"227":0,"228":0,"229":0,"230":0,"231":1,"232":0,"233":0,"234":0,"235":0,"236":0,"237":0,"238":0,"239":0,"240":1,"241":0,"242":0,"243":0,"244":0,"245":0,"246":0,"247":0,"248":0,"249":0,"250":0,"251":0,"252":0,"253":0,"254":1,"255":0,"256":0,"257":0,"258":0,"259":0,"260":0,"261":0,"262":0,"263":0,"264":0,"265":0,"266":0,"267":0,"268":0,"269":0,"270":0,"271":0,"272":0,"273":0,"274":0,"275":0,"276":1,"277":1,"278":0,"279":0,"280":0,"281":0,"282":0,"283":1,"284":0,"285":0,"286":0,"287":0,"288":0,"289":1,"290":0,"291":0,"292":0,"293":0,"294":0,"295":0,"296":0,"297":0,"298":0,"299":0,"300":0,"301":0,"302":0,"303":1,"304":0,"305":1,"306":0,"307":0,"308":1,"309":1,"310":0,"311":0},"b":{"1":[1,1],"2":[0,1],"3":[0,1],"4":[0,0],"5":[1,0],"6":[0,0],"7":[0,0],"8":[0,0],"9":[0,0],"10":[0,0],"11":[0,0],"12":[0,0],"13":[0,0],"14":[0,0,0],"15":[0,0],"16":[0,0],"17":[0,0],"18":[0,0],"19":[0,0],"20":[0,0],"21":[0,0,0],"22":[0,0,0],"23":[0,0],"24":[0,0],"25":[0,0],"26":[0,0],"27":[0,0],"28":[0,0],"29":[0,0],"30":[0,0],"31":[0,0],"32":[0,0],"33":[0,0],"34":[0,0],"35":[0,0],"36":[0,0],"37":[0,0],"38":[0,0],"39":[0,0],"40":[0,0],"41":[0,0],"42":[0,0],"43":[0,0],"44":[0,0],"45":[0,0],"46":[0,0],"47":[0,0],"48":[0,0],"49":[0,0,0],"50":[0,0],"51":[0,0],"52":[0,0],"53":[0,0],"54":[0,0],"55":[0,0],"56":[0,0,0],"57":[0,0],"58":[0,0],"59":[0,0,0,0,0,0],"60":[0,0],"61":[0,0],"62":[0,0],"63":[0,0],"64":[0,0],"65":[0,0],"66":[0,0,0,0],"67":[0,0],"68":[0,0],"69":[0,0],"70":[0,0],"71":[0,0],"72":[0,0],"73":[0,0],"74":[0,0],"75":[0,0],"76":[0,0],"77":[0,0],"78":[0,0],"79":[0,0],"80":[0,0],"81":[0,0,0,0,0,0,0,0,0,0,0,0],"82":[0,0],"83":[0,0],"84":[0,0],"85":[0,0],"86":[0,0],"87":[0,0],"88":[0,0],"89":[0,0],"90":[0,0],"91":[0,0],"92":[0,0],"93":[0,0,0],"94":[0,0],"95":[0,0],"96":[0,0],"97":[0,0,0],"98":[0,0],"99":[0,0],"100":[0,0,0],"101":[0,0],"102":[0,0],"103":[0,0],"104":[0,0],"105":[0,0],"106":[0,0],"107":[0,0],"108":[0,0,0],"109":[0,0,0],"110":[0,0,0],"111":[0,0],"112":[0,0],"113":[0,0],"114":[0,0],"115":[0,0],"116":[0,0],"117":[0,0],"118":[0,0],"119":[0,0],"120":[0,0],"121":[0,0],"122":[0,0],"123":[0,0],"124":[0,0],"125":[0,0],"126":[0,0],"127":[0,1],"128":[1,0],"129":[1,0],"130":[1,0],"131":[0,1]},"f":{"1":1,"2":0,"3":0,"4":0,"5":0,"6":0,"7":0,"8":0,"9":0,"10":0,"11":0,"12":0,"13":0,"14":0,"15":0,"16":0,"17":0,"18":0,"19":0,"20":0,"21":0,"22":0,"23":0,"24":0,"25":0,"26":0,"27":0,"28":0,"29":0,"30":0,"31":0,"32":0,"33":0,"34":0,"35":0,"36":0,"37":0,"38":0},"fnMap":{"1":{"name":"(anonymous_1)","line":10,"loc":{"start":{"line":10,"column":1},"end":{"line":10,"column":26}}},"2":{"name":"(anonymous_2)","line":19,"loc":{"start":{"line":19,"column":31},"end":{"line":19,"column":47}}},"3":{"name":"(anonymous_3)","line":24,"loc":{"start":{"line":24,"column":32},"end":{"line":24,"column":48}}},"4":{"name":"(anonymous_4)","line":29,"loc":{"start":{"line":29,"column":25},"end":{"line":29,"column":64}}},"5":{"name":"(anonymous_5)","line":40,"loc":{"start":{"line":40,"column":25},"end":{"line":40,"column":50}}},"6":{"name":"(anonymous_6)","line":43,"loc":{"start":{"line":43,"column":44},"end":{"line":43,"column":59}}},"7":{"name":"(anonymous_7)","line":46,"loc":{"start":{"line":46,"column":36},"end":{"line":46,"column":55}}},"8":{"name":"(anonymous_8)","line":49,"loc":{"start":{"line":49,"column":32},"end":{"line":49,"column":49}}},"9":{"name":"(anonymous_9)","line":50,"loc":{"start":{"line":50,"column":97},"end":{"line":50,"column":110}}},"10":{"name":"push","line":59,"loc":{"start":{"line":59,"column":0},"end":{"line":59,"column":26}}},"11":{"name":"unshift","line":60,"loc":{"start":{"line":60,"column":0},"end":{"line":60,"column":29}}},"12":{"name":"NewError","line":61,"loc":{"start":{"line":61,"column":0},"end":{"line":61,"column":26}}},"13":{"name":"JSONPath","line":67,"loc":{"start":{"line":67,"column":0},"end":{"line":67,"column":65}}},"14":{"name":"(anonymous_14)","line":99,"loc":{"start":{"line":99,"column":76},"end":{"line":99,"column":88}}},"15":{"name":"(anonymous_15)","line":117,"loc":{"start":{"line":117,"column":30},"end":{"line":117,"column":81}}},"16":{"name":"(anonymous_16)","line":163,"loc":{"start":{"line":163,"column":27},"end":{"line":163,"column":41}}},"17":{"name":"(anonymous_17)","line":169,"loc":{"start":{"line":169,"column":25},"end":{"line":169,"column":47}}},"18":{"name":"(anonymous_18)","line":183,"loc":{"start":{"line":183,"column":41},"end":{"line":183,"column":55}}},"19":{"name":"(anonymous_19)","line":198,"loc":{"start":{"line":198,"column":37},"end":{"line":198,"column":75}}},"20":{"name":"(anonymous_20)","line":206,"loc":{"start":{"line":206,"column":28},"end":{"line":206,"column":106}}},"21":{"name":"retPush","line":220,"loc":{"start":{"line":220,"column":4},"end":{"line":220,"column":28}}},"22":{"name":"addRet","line":223,"loc":{"start":{"line":223,"column":4},"end":{"line":223,"column":28}}},"23":{"name":"(anonymous_23)","line":235,"loc":{"start":{"line":235,"column":72},"end":{"line":235,"column":110}}},"24":{"name":"(anonymous_24)","line":241,"loc":{"start":{"line":241,"column":72},"end":{"line":241,"column":110}}},"25":{"name":"(anonymous_25)","line":274,"loc":{"start":{"line":274,"column":72},"end":{"line":274,"column":110}}},"26":{"name":"(anonymous_26)","line":378,"loc":{"start":{"line":378,"column":27},"end":{"line":378,"column":96}}},"27":{"name":"(anonymous_27)","line":394,"loc":{"start":{"line":394,"column":28},"end":{"line":394,"column":94}}},"28":{"name":"(anonymous_28)","line":407,"loc":{"start":{"line":407,"column":24},"end":{"line":407,"column":37}}},"29":{"name":"(anonymous_29)","line":418,"loc":{"start":{"line":418,"column":27},"end":{"line":418,"column":85}}},"30":{"name":"(anonymous_30)","line":454,"loc":{"start":{"line":454,"column":24},"end":{"line":454,"column":43}}},"31":{"name":"(anonymous_31)","line":464,"loc":{"start":{"line":464,"column":21},"end":{"line":464,"column":40}}},"32":{"name":"(anonymous_32)","line":476,"loc":{"start":{"line":476,"column":23},"end":{"line":476,"column":39}}},"33":{"name":"(anonymous_33)","line":484,"loc":{"start":{"line":484,"column":56},"end":{"line":484,"column":74}}},"34":{"name":"(anonymous_34)","line":486,"loc":{"start":{"line":486,"column":49},"end":{"line":486,"column":69}}},"35":{"name":"(anonymous_35)","line":501,"loc":{"start":{"line":501,"column":51},"end":{"line":501,"column":70}}},"36":{"name":"(anonymous_36)","line":507,"loc":{"start":{"line":507,"column":45},"end":{"line":507,"column":61}}},"37":{"name":"(anonymous_37)","line":516,"loc":{"start":{"line":516,"column":16},"end":{"line":516,"column":43}}},"38":{"name":"(anonymous_38)","line":521,"loc":{"start":{"line":521,"column":11},"end":{"line":521,"column":23}}}},"statementMap":{"1":{"start":{"line":9,"column":0},"end":{"line":9,"column":11}},"2":{"start":{"line":10,"column":0},"end":{"line":532,"column":66}},"3":{"start":{"line":14,"column":0},"end":{"line":14,"column":40}},"4":{"start":{"line":16,"column":0},"end":{"line":16,"column":89}},"5":{"start":{"line":18,"column":0},"end":{"line":22,"column":1}},"6":{"start":{"line":19,"column":4},"end":{"line":21,"column":6}},"7":{"start":{"line":20,"column":8},"end":{"line":20,"column":39}},"8":{"start":{"line":23,"column":0},"end":{"line":27,"column":1}},"9":{"start":{"line":24,"column":4},"end":{"line":26,"column":6}},"10":{"start":{"line":25,"column":8},"end":{"line":25,"column":39}},"11":{"start":{"line":29,"column":0},"end":{"line":36,"column":2}},"12":{"start":{"line":30,"column":2},"end":{"line":35,"column":3}},"13":{"start":{"line":31,"column":6},"end":{"line":31,"column":26}},"14":{"start":{"line":32,"column":6},"end":{"line":34,"column":7}},"15":{"start":{"line":33,"column":10},"end":{"line":33,"column":48}},"16":{"start":{"line":38,"column":0},"end":{"line":57,"column":6}},"17":{"start":{"line":41,"column":12},"end":{"line":41,"column":44}},"18":{"start":{"line":42,"column":12},"end":{"line":42,"column":27}},"19":{"start":{"line":43,"column":12},"end":{"line":45,"column":15}},"20":{"start":{"line":44,"column":16},"end":{"line":44,"column":58}},"21":{"start":{"line":46,"column":12},"end":{"line":48,"column":19}},"22":{"start":{"line":47,"column":16},"end":{"line":47,"column":80}},"23":{"start":{"line":49,"column":12},"end":{"line":54,"column":21}},"24":{"start":{"line":50,"column":16},"end":{"line":53,"column":29}},"25":{"start":{"line":52,"column":20},"end":{"line":52,"column":67}},"26":{"start":{"line":55,"column":12},"end":{"line":55,"column":30}},"27":{"start":{"line":59,"column":0},"end":{"line":59,"column":74}},"28":{"start":{"line":59,"column":27},"end":{"line":59,"column":45}},"29":{"start":{"line":59,"column":46},"end":{"line":59,"column":61}},"30":{"start":{"line":59,"column":62},"end":{"line":59,"column":73}},"31":{"start":{"line":60,"column":0},"end":{"line":60,"column":80}},"32":{"start":{"line":60,"column":30},"end":{"line":60,"column":48}},"33":{"start":{"line":60,"column":49},"end":{"line":60,"column":67}},"34":{"start":{"line":60,"column":68},"end":{"line":60,"column":79}},"35":{"start":{"line":61,"column":0},"end":{"line":65,"column":1}},"36":{"start":{"line":62,"column":2},"end":{"line":62,"column":23}},"37":{"start":{"line":63,"column":2},"end":{"line":63,"column":21}},"38":{"start":{"line":64,"column":2},"end":{"line":64,"column":110}},"39":{"start":{"line":67,"column":0},"end":{"line":113,"column":1}},"40":{"start":{"line":68,"column":4},"end":{"line":78,"column":5}},"41":{"start":{"line":69,"column":8},"end":{"line":77,"column":9}},"42":{"start":{"line":70,"column":12},"end":{"line":70,"column":78}},"43":{"start":{"line":73,"column":12},"end":{"line":75,"column":13}},"44":{"start":{"line":74,"column":16},"end":{"line":74,"column":24}},"45":{"start":{"line":76,"column":12},"end":{"line":76,"column":27}},"46":{"start":{"line":80,"column":4},"end":{"line":86,"column":5}},"47":{"start":{"line":81,"column":8},"end":{"line":81,"column":37}},"48":{"start":{"line":82,"column":8},"end":{"line":82,"column":23}},"49":{"start":{"line":83,"column":8},"end":{"line":83,"column":19}},"50":{"start":{"line":84,"column":8},"end":{"line":84,"column":20}},"51":{"start":{"line":85,"column":8},"end":{"line":85,"column":18}},"52":{"start":{"line":87,"column":4},"end":{"line":87,"column":22}},"53":{"start":{"line":88,"column":4},"end":{"line":88,"column":77}},"54":{"start":{"line":89,"column":4},"end":{"line":89,"column":33}},"55":{"start":{"line":90,"column":4},"end":{"line":90,"column":34}},"56":{"start":{"line":91,"column":4},"end":{"line":91,"column":84}},"57":{"start":{"line":92,"column":4},"end":{"line":92,"column":41}},"58":{"start":{"line":93,"column":4},"end":{"line":93,"column":63}},"59":{"start":{"line":94,"column":4},"end":{"line":94,"column":38}},"60":{"start":{"line":95,"column":4},"end":{"line":95,"column":49}},"61":{"start":{"line":96,"column":4},"end":{"line":96,"column":38}},"62":{"start":{"line":97,"column":4},"end":{"line":97,"column":54}},"63":{"start":{"line":98,"column":4},"end":{"line":98,"column":54}},"64":{"start":{"line":99,"column":4},"end":{"line":101,"column":6}},"65":{"start":{"line":100,"column":8},"end":{"line":100,"column":108}},"66":{"start":{"line":103,"column":4},"end":{"line":112,"column":5}},"67":{"start":{"line":104,"column":8},"end":{"line":107,"column":11}},"68":{"start":{"line":108,"column":8},"end":{"line":110,"column":9}},"69":{"start":{"line":109,"column":12},"end":{"line":109,"column":36}},"70":{"start":{"line":111,"column":8},"end":{"line":111,"column":19}},"71":{"start":{"line":117,"column":0},"end":{"line":179,"column":2}},"72":{"start":{"line":118,"column":4},"end":{"line":122,"column":49}},"73":{"start":{"line":124,"column":4},"end":{"line":124,"column":42}},"74":{"start":{"line":125,"column":4},"end":{"line":125,"column":44}},"75":{"start":{"line":126,"column":4},"end":{"line":126,"column":36}},"76":{"start":{"line":127,"column":4},"end":{"line":127,"column":41}},"77":{"start":{"line":128,"column":4},"end":{"line":128,"column":77}},"78":{"start":{"line":130,"column":4},"end":{"line":130,"column":29}},"79":{"start":{"line":131,"column":4},"end":{"line":131,"column":29}},"80":{"start":{"line":132,"column":4},"end":{"line":147,"column":5}},"81":{"start":{"line":133,"column":8},"end":{"line":135,"column":9}},"82":{"start":{"line":134,"column":12},"end":{"line":134,"column":123}},"83":{"start":{"line":136,"column":8},"end":{"line":136,"column":62}},"84":{"start":{"line":137,"column":8},"end":{"line":137,"column":74}},"85":{"start":{"line":138,"column":8},"end":{"line":138,"column":104}},"86":{"start":{"line":139,"column":8},"end":{"line":139,"column":92}},"87":{"start":{"line":140,"column":8},"end":{"line":140,"column":62}},"88":{"start":{"line":141,"column":8},"end":{"line":141,"column":108}},"89":{"start":{"line":142,"column":8},"end":{"line":142,"column":78}},"90":{"start":{"line":143,"column":8},"end":{"line":143,"column":132}},"91":{"start":{"line":144,"column":8},"end":{"line":144,"column":78}},"92":{"start":{"line":145,"column":8},"end":{"line":145,"column":110}},"93":{"start":{"line":146,"column":8},"end":{"line":146,"column":25}},"94":{"start":{"line":148,"column":4},"end":{"line":148,"column":36}},"95":{"start":{"line":149,"column":4},"end":{"line":149,"column":52}},"96":{"start":{"line":151,"column":4},"end":{"line":153,"column":5}},"97":{"start":{"line":152,"column":8},"end":{"line":152,"column":43}},"98":{"start":{"line":154,"column":4},"end":{"line":156,"column":5}},"99":{"start":{"line":155,"column":8},"end":{"line":155,"column":15}},"100":{"start":{"line":157,"column":4},"end":{"line":157,"column":21}},"101":{"start":{"line":159,"column":4},"end":{"line":159,"column":46}},"102":{"start":{"line":160,"column":4},"end":{"line":160,"column":71}},"103":{"start":{"line":160,"column":53},"end":{"line":160,"column":70}},"104":{"start":{"line":161,"column":4},"end":{"line":161,"column":35}},"105":{"start":{"line":162,"column":4},"end":{"line":162,"column":94}},"106":{"start":{"line":163,"column":4},"end":{"line":163,"column":79}},"107":{"start":{"line":163,"column":42},"end":{"line":163,"column":76}},"108":{"start":{"line":165,"column":4},"end":{"line":165,"column":55}},"109":{"start":{"line":165,"column":25},"end":{"line":165,"column":54}},"110":{"start":{"line":166,"column":4},"end":{"line":168,"column":5}},"111":{"start":{"line":167,"column":8},"end":{"line":167,"column":51}},"112":{"start":{"line":169,"column":4},"end":{"line":178,"column":11}},"113":{"start":{"line":170,"column":8},"end":{"line":170,"column":53}},"114":{"start":{"line":171,"column":8},"end":{"line":176,"column":9}},"115":{"start":{"line":172,"column":12},"end":{"line":172,"column":46}},"116":{"start":{"line":175,"column":12},"end":{"line":175,"column":35}},"117":{"start":{"line":177,"column":8},"end":{"line":177,"column":22}},"118":{"start":{"line":183,"column":0},"end":{"line":196,"column":2}},"119":{"start":{"line":184,"column":4},"end":{"line":184,"column":41}},"120":{"start":{"line":185,"column":4},"end":{"line":195,"column":5}},"121":{"start":{"line":187,"column":8},"end":{"line":187,"column":89}},"122":{"start":{"line":188,"column":8},"end":{"line":188,"column":18}},"123":{"start":{"line":190,"column":8},"end":{"line":190,"column":30}},"124":{"start":{"line":192,"column":8},"end":{"line":192,"column":53}},"125":{"start":{"line":194,"column":8},"end":{"line":194,"column":43}},"126":{"start":{"line":198,"column":0},"end":{"line":204,"column":2}},"127":{"start":{"line":199,"column":4},"end":{"line":203,"column":5}},"128":{"start":{"line":200,"column":8},"end":{"line":200,"column":67}},"129":{"start":{"line":201,"column":8},"end":{"line":201,"column":121}},"130":{"start":{"line":202,"column":8},"end":{"line":202,"column":52}},"131":{"start":{"line":206,"column":0},"end":{"line":376,"column":2}},"132":{"start":{"line":208,"column":4},"end":{"line":208,"column":28}},"133":{"start":{"line":209,"column":4},"end":{"line":213,"column":5}},"134":{"start":{"line":210,"column":8},"end":{"line":210,"column":90}},"135":{"start":{"line":211,"column":8},"end":{"line":211,"column":56}},"136":{"start":{"line":212,"column":8},"end":{"line":212,"column":22}},"137":{"start":{"line":215,"column":4},"end":{"line":215,"column":41}},"138":{"start":{"line":219,"column":4},"end":{"line":219,"column":17}},"139":{"start":{"line":220,"column":4},"end":{"line":222,"column":5}},"140":{"start":{"line":221,"column":8},"end":{"line":221,"column":23}},"141":{"start":{"line":223,"column":4},"end":{"line":229,"column":5}},"142":{"start":{"line":224,"column":8},"end":{"line":228,"column":9}},"143":{"start":{"line":225,"column":12},"end":{"line":225,"column":35}},"144":{"start":{"line":227,"column":12},"end":{"line":227,"column":28}},"145":{"start":{"line":231,"column":4},"end":{"line":353,"column":5}},"146":{"start":{"line":232,"column":8},"end":{"line":232,"column":78}},"147":{"start":{"line":234,"column":9},"end":{"line":353,"column":5}},"148":{"start":{"line":235,"column":8},"end":{"line":237,"column":11}},"149":{"start":{"line":236,"column":12},"end":{"line":236,"column":72}},"150":{"start":{"line":239,"column":9},"end":{"line":353,"column":5}},"151":{"start":{"line":240,"column":8},"end":{"line":240,"column":76}},"152":{"start":{"line":241,"column":8},"end":{"line":246,"column":11}},"153":{"start":{"line":243,"column":12},"end":{"line":245,"column":13}},"154":{"start":{"line":244,"column":16},"end":{"line":244,"column":79}},"155":{"start":{"line":250,"column":9},"end":{"line":353,"column":5}},"156":{"start":{"line":252,"column":8},"end":{"line":252,"column":39}},"157":{"start":{"line":253,"column":8},"end":{"line":257,"column":15}},"158":{"start":{"line":259,"column":9},"end":{"line":353,"column":5}},"159":{"start":{"line":260,"column":8},"end":{"line":260,"column":102}},"160":{"start":{"line":261,"column":8},"end":{"line":261,"column":59}},"161":{"start":{"line":262,"column":8},"end":{"line":262,"column":22}},"162":{"start":{"line":264,"column":9},"end":{"line":353,"column":5}},"163":{"start":{"line":265,"column":8},"end":{"line":265,"column":64}},"164":{"start":{"line":267,"column":9},"end":{"line":353,"column":5}},"165":{"start":{"line":268,"column":8},"end":{"line":268,"column":81}},"166":{"start":{"line":270,"column":9},"end":{"line":353,"column":5}},"167":{"start":{"line":271,"column":8},"end":{"line":273,"column":9}},"168":{"start":{"line":272,"column":12},"end":{"line":272,"column":80}},"169":{"start":{"line":274,"column":8},"end":{"line":278,"column":11}},"170":{"start":{"line":275,"column":12},"end":{"line":277,"column":13}},"171":{"start":{"line":276,"column":16},"end":{"line":276,"column":70}},"172":{"start":{"line":280,"column":9},"end":{"line":353,"column":5}},"173":{"start":{"line":281,"column":8},"end":{"line":283,"column":9}},"174":{"start":{"line":282,"column":12},"end":{"line":282,"column":79}},"175":{"start":{"line":285,"column":8},"end":{"line":285,"column":173}},"176":{"start":{"line":287,"column":9},"end":{"line":353,"column":5}},"177":{"start":{"line":288,"column":8},"end":{"line":288,"column":28}},"178":{"start":{"line":289,"column":8},"end":{"line":289,"column":41}},"179":{"start":{"line":290,"column":8},"end":{"line":334,"column":9}},"180":{"start":{"line":292,"column":12},"end":{"line":294,"column":13}},"181":{"start":{"line":293,"column":16},"end":{"line":293,"column":31}},"182":{"start":{"line":295,"column":12},"end":{"line":295,"column":18}},"183":{"start":{"line":297,"column":12},"end":{"line":299,"column":13}},"184":{"start":{"line":298,"column":16},"end":{"line":298,"column":31}},"185":{"start":{"line":300,"column":12},"end":{"line":300,"column":18}},"186":{"start":{"line":302,"column":12},"end":{"line":304,"column":13}},"187":{"start":{"line":303,"column":16},"end":{"line":303,"column":31}},"188":{"start":{"line":305,"column":12},"end":{"line":305,"column":18}},"189":{"start":{"line":307,"column":12},"end":{"line":309,"column":13}},"190":{"start":{"line":308,"column":16},"end":{"line":308,"column":31}},"191":{"start":{"line":310,"column":12},"end":{"line":310,"column":18}},"192":{"start":{"line":312,"column":12},"end":{"line":314,"column":13}},"193":{"start":{"line":313,"column":16},"end":{"line":313,"column":31}},"194":{"start":{"line":315,"column":12},"end":{"line":315,"column":18}},"195":{"start":{"line":317,"column":12},"end":{"line":319,"column":13}},"196":{"start":{"line":318,"column":16},"end":{"line":318,"column":31}},"197":{"start":{"line":320,"column":12},"end":{"line":320,"column":18}},"198":{"start":{"line":322,"column":12},"end":{"line":322,"column":84}},"199":{"start":{"line":323,"column":12},"end":{"line":323,"column":18}},"200":{"start":{"line":325,"column":12},"end":{"line":327,"column":13}},"201":{"start":{"line":326,"column":16},"end":{"line":326,"column":31}},"202":{"start":{"line":328,"column":12},"end":{"line":328,"column":18}},"203":{"start":{"line":330,"column":12},"end":{"line":332,"column":13}},"204":{"start":{"line":331,"column":16},"end":{"line":331,"column":31}},"205":{"start":{"line":333,"column":12},"end":{"line":333,"column":18}},"206":{"start":{"line":335,"column":8},"end":{"line":339,"column":9}},"207":{"start":{"line":336,"column":12},"end":{"line":336,"column":94}},"208":{"start":{"line":337,"column":12},"end":{"line":337,"column":60}},"209":{"start":{"line":338,"column":12},"end":{"line":338,"column":26}},"210":{"start":{"line":341,"column":9},"end":{"line":353,"column":5}},"211":{"start":{"line":342,"column":8},"end":{"line":342,"column":35}},"212":{"start":{"line":343,"column":8},"end":{"line":343,"column":96}},"213":{"start":{"line":345,"column":9},"end":{"line":353,"column":5}},"214":{"start":{"line":346,"column":8},"end":{"line":346,"column":21}},"215":{"start":{"line":347,"column":8},"end":{"line":349,"column":9}},"216":{"start":{"line":348,"column":12},"end":{"line":348,"column":99}},"217":{"start":{"line":351,"column":9},"end":{"line":353,"column":5}},"218":{"start":{"line":352,"column":8},"end":{"line":352,"column":84}},"219":{"start":{"line":358,"column":4},"end":{"line":374,"column":5}},"220":{"start":{"line":359,"column":8},"end":{"line":373,"column":9}},"221":{"start":{"line":360,"column":12},"end":{"line":360,"column":30}},"222":{"start":{"line":361,"column":12},"end":{"line":372,"column":13}},"223":{"start":{"line":362,"column":16},"end":{"line":362,"column":99}},"224":{"start":{"line":363,"column":16},"end":{"line":371,"column":17}},"225":{"start":{"line":364,"column":20},"end":{"line":364,"column":36}},"226":{"start":{"line":365,"column":20},"end":{"line":368,"column":21}},"227":{"start":{"line":366,"column":24},"end":{"line":366,"column":28}},"228":{"start":{"line":367,"column":24},"end":{"line":367,"column":50}},"229":{"start":{"line":370,"column":20},"end":{"line":370,"column":33}},"230":{"start":{"line":375,"column":4},"end":{"line":375,"column":15}},"231":{"start":{"line":378,"column":0},"end":{"line":392,"column":2}},"232":{"start":{"line":379,"column":4},"end":{"line":379,"column":16}},"233":{"start":{"line":380,"column":4},"end":{"line":391,"column":5}},"234":{"start":{"line":381,"column":8},"end":{"line":383,"column":9}},"235":{"start":{"line":382,"column":12},"end":{"line":382,"column":73}},"236":{"start":{"line":385,"column":9},"end":{"line":391,"column":5}},"237":{"start":{"line":386,"column":8},"end":{"line":390,"column":9}},"238":{"start":{"line":387,"column":12},"end":{"line":389,"column":13}},"239":{"start":{"line":388,"column":16},"end":{"line":388,"column":77}},"240":{"start":{"line":394,"column":0},"end":{"line":416,"column":2}},"241":{"start":{"line":395,"column":4},"end":{"line":395,"column":38}},"242":{"start":{"line":395,"column":30},"end":{"line":395,"column":37}},"243":{"start":{"line":396,"column":4},"end":{"line":400,"column":57}},"244":{"start":{"line":401,"column":4},"end":{"line":401,"column":74}},"245":{"start":{"line":402,"column":4},"end":{"line":402,"column":66}},"246":{"start":{"line":403,"column":4},"end":{"line":403,"column":17}},"247":{"start":{"line":404,"column":4},"end":{"line":414,"column":5}},"248":{"start":{"line":405,"column":8},"end":{"line":405,"column":93}},"249":{"start":{"line":406,"column":8},"end":{"line":413,"column":9}},"250":{"start":{"line":407,"column":12},"end":{"line":409,"column":15}},"251":{"start":{"line":408,"column":16},"end":{"line":408,"column":28}},"252":{"start":{"line":412,"column":12},"end":{"line":412,"column":26}},"253":{"start":{"line":415,"column":4},"end":{"line":415,"column":15}},"254":{"start":{"line":418,"column":0},"end":{"line":447,"column":2}},"255":{"start":{"line":419,"column":4},"end":{"line":419,"column":42}},"256":{"start":{"line":419,"column":28},"end":{"line":419,"column":41}},"257":{"start":{"line":420,"column":4},"end":{"line":423,"column":5}},"258":{"start":{"line":421,"column":8},"end":{"line":421,"column":60}},"259":{"start":{"line":422,"column":8},"end":{"line":422,"column":69}},"260":{"start":{"line":424,"column":4},"end":{"line":427,"column":5}},"261":{"start":{"line":425,"column":8},"end":{"line":425,"column":44}},"262":{"start":{"line":426,"column":8},"end":{"line":426,"column":53}},"263":{"start":{"line":428,"column":4},"end":{"line":431,"column":5}},"264":{"start":{"line":429,"column":8},"end":{"line":429,"column":46}},"265":{"start":{"line":430,"column":8},"end":{"line":430,"column":57}},"266":{"start":{"line":432,"column":4},"end":{"line":435,"column":5}},"267":{"start":{"line":433,"column":8},"end":{"line":433,"column":80}},"268":{"start":{"line":434,"column":8},"end":{"line":434,"column":49}},"269":{"start":{"line":436,"column":4},"end":{"line":439,"column":5}},"270":{"start":{"line":437,"column":8},"end":{"line":437,"column":35}},"271":{"start":{"line":438,"column":8},"end":{"line":438,"column":56}},"272":{"start":{"line":440,"column":4},"end":{"line":446,"column":5}},"273":{"start":{"line":441,"column":8},"end":{"line":441,"column":58}},"274":{"start":{"line":444,"column":8},"end":{"line":444,"column":23}},"275":{"start":{"line":445,"column":8},"end":{"line":445,"column":64}},"276":{"start":{"line":452,"column":0},"end":{"line":452,"column":20}},"277":{"start":{"line":454,"column":0},"end":{"line":462,"column":2}},"278":{"start":{"line":455,"column":4},"end":{"line":455,"column":35}},"279":{"start":{"line":456,"column":4},"end":{"line":460,"column":5}},"280":{"start":{"line":457,"column":8},"end":{"line":459,"column":9}},"281":{"start":{"line":458,"column":12},"end":{"line":458,"column":86}},"282":{"start":{"line":461,"column":4},"end":{"line":461,"column":13}},"283":{"start":{"line":464,"column":0},"end":{"line":474,"column":2}},"284":{"start":{"line":465,"column":4},"end":{"line":465,"column":34}},"285":{"start":{"line":466,"column":4},"end":{"line":472,"column":5}},"286":{"start":{"line":467,"column":8},"end":{"line":471,"column":9}},"287":{"start":{"line":468,"column":12},"end":{"line":470,"column":40}},"288":{"start":{"line":473,"column":4},"end":{"line":473,"column":13}},"289":{"start":{"line":476,"column":0},"end":{"line":513,"column":2}},"290":{"start":{"line":477,"column":4},"end":{"line":477,"column":31}},"291":{"start":{"line":478,"column":4},"end":{"line":478,"column":51}},"292":{"start":{"line":478,"column":22},"end":{"line":478,"column":50}},"293":{"start":{"line":479,"column":4},"end":{"line":479,"column":18}},"294":{"start":{"line":480,"column":4},"end":{"line":505,"column":48}},"295":{"start":{"line":484,"column":75},"end":{"line":484,"column":115}},"296":{"start":{"line":487,"column":24},"end":{"line":490,"column":33}},"297":{"start":{"line":501,"column":71},"end":{"line":501,"column":114}},"298":{"start":{"line":507,"column":4},"end":{"line":510,"column":7}},"299":{"start":{"line":508,"column":8},"end":{"line":508,"column":44}},"300":{"start":{"line":509,"column":8},"end":{"line":509,"column":59}},"301":{"start":{"line":511,"column":4},"end":{"line":511,"column":27}},"302":{"start":{"line":512,"column":4},"end":{"line":512,"column":23}},"303":{"
[...]
erator.');","    };","","    if (opts.autostart !== false) {","        var ret = this.evaluate({","            path: (objArgs ? opts.path : expr),","            json: (objArgs ? opts.json : obj)","        });","        if (!ret || typeof ret !== 'object') {","            throw new NewError(ret);","        }","        return ret;","    }","}","","// PUBLIC METHODS","","JSONPath.prototype.evaluate = function (expr, json, callback, otherTypeCallback) {","    var self = this,","        flatten = this.flatten,","        wrap = this.wrap,","        currParent = this.parent,","        currParentProperty = this.parentProperty;","","    this.currResultType = this.resultType;","    this.currPreventEval = this.preventEval;","    this.currSandbox = this.sandbox;","    callback = callback || this.callback;","    this.currOtherTypeCallback = otherTypeCallback || this.otherTypeCallback;","","    json = json || this.json;","    expr = expr || this.path;","    if (expr && typeof expr === 'object') {","        if (!expr.path) {","            throw new Error('You must supply a \"path\" property when providing an object argument to JSONPath.evaluate().');","        }","        json = expr.hasOwnProperty('json') ? expr.json : json;","        flatten = expr.hasOwnProperty('flatten') ? expr.flatten : flatten;","        this.currResultType = expr.hasOwnProperty('resultType') ? expr.resultType : this.currResultType;","        this.currSandbox = expr.hasOwnProperty('sandbox') ? expr.sandbox : this.currSandbox;","        wrap = expr.hasOwnProperty('wrap') ? expr.wrap : wrap;","        this.currPreventEval = expr.hasOwnProperty('preventEval') ? expr.preventEval : this.currPreventEval;","        callback = expr.hasOwnProperty('callback') ? expr.callback : callback;","        this.currOtherTypeCallback = expr.hasOwnProperty('otherTypeCallback') ? expr.otherTypeCallback : this.currOtherTypeCallback;","        currParent = expr.hasOwnProperty('parent') ? expr.parent : currParent;","        currParentProperty = expr.hasOwnProperty('parentProperty') ? expr.parentProperty : currParentProperty;","        expr = expr.path;","    }","    currParent = currParent || null;","    currParentProperty = currParentProperty || null;","","    if (Array.isArray(expr)) {","        expr = JSONPath.toPathString(expr);","    }","    if (!expr || !json || !allowedResultTypes.includes(this.currResultType)) {","        return;","    }","    this._obj = json;","","    var exprList = JSONPath.toPathArray(expr);","    if (exprList[0] === '$' && exprList.length > 1) {exprList.shift();}","    this._hasParentSelector = null;","    var result = this._trace(exprList, json, ['$'], currParent, currParentProperty, callback);","    result = result.filter(function (ea) {return ea && !ea.isParentSelector;});","","    if (!result.length) {return wrap ? [] : undefined;}","    if (result.length === 1 && !wrap && !Array.isArray(result[0].value)) {","        return this._getPreferredOutput(result[0]);","    }","    return result.reduce(function (result, ea) {","        var valOrPath = self._getPreferredOutput(ea);","        if (flatten && Array.isArray(valOrPath)) {","            result = result.concat(valOrPath);","        }","        else {","            result.push(valOrPath);","        }","        return result;","    }, []);","};","","// PRIVATE METHODS","","JSONPath.prototype._getPreferredOutput = function (ea) {","    var resultType = this.currResultType;","    switch (resultType) {","    case 'all':","        ea.path = typeof ea.path === 'string' ? ea.path : JSONPath.toPathString(ea.path);","        return ea;","    case 'value': case 'parent': case 'parentProperty':","        return ea[resultType];","    case 'path':","        return JSONPath.toPathString(ea[resultType]);","    case 'pointer':","        return JSONPath.toPointer(ea.path);","    }","};","","JSONPath.prototype._handleCallback = function (fullRetObj, callback, type) {","    if (callback) {","        var preferredOutput = this._getPreferredOutput(fullRetObj);","        fullRetObj.path = typeof fullRetObj.path === 'string' ? fullRetObj.path : JSONPath.toPathString(fullRetObj.path);","        callback(preferredOutput, type, fullRetObj);","    }","};","","JSONPath.prototype._trace = function (expr, val, path, parent, parentPropName, callback, literalPriority) {","    // No expr to follow? return path and value as the result of this trace branch","    var retObj, self = this;","    if (!expr.length) {","        retObj = {path: path, value: val, parent: parent, parentProperty: parentPropName};","        this._handleCallback(retObj, callback, 'value');","        return retObj;","    }","","    var loc = expr[0], x = expr.slice(1);","","    // We need to gather the return value of recursive trace calls in order to","    // do the parent sel computation.","    var ret = [];","    function retPush (elem) {","        ret.push(elem);","    }","    function addRet (elems) {","        if (Array.isArray(elems)) {","            elems.forEach(retPush);","        } else {","            ret.push(elems);","        }","    }","","    if ((typeof loc !== 'string' || literalPriority) && val && Object.prototype.hasOwnProperty.call(val, loc)) { // simple case--directly follow property","        addRet(this._trace(x, val[loc], push(path, loc), val, loc, callback));","    }","    else if (loc === '*') { // all child properties","        this._walk(loc, x, val, path, parent, parentPropName, callback, function (m, l, x, v, p, par, pr, cb) {","            addRet(self._trace(unshift(m, x), v, p, par, pr, cb, true));","        });","    }","    else if (loc === '..') { // all descendent parent properties","        addRet(this._trace(x, val, path, parent, parentPropName, callback)); // Check remaining expression with val's immediate children","        this._walk(loc, x, val, path, parent, parentPropName, callback, function (m, l, x, v, p, par, pr, cb) {","            // We don't join m and x here because we only want parents, not scalar values","            if (typeof v[m] === 'object') { // Keep going with recursive descent on val's object children","                addRet(self._trace(unshift(l, x), v[m], push(p, m), v, m, cb));","            }","        });","    }","    // The parent sel computation is handled in the frame above using the","    // ancestor object of val","    else if (loc === '^') {","        // This is not a final endpoint, so we do not invoke the callback here","        this._hasParentSelector = true;","        return path.length ? {","            path: path.slice(0, -1),","            expr: x,","            isParentSelector: true","        } : [];","    }","    else if (loc === '~') { // property name","        retObj = {path: push(path, loc), value: parentPropName, parent: parent, parentProperty: null};","        this._handleCallback(retObj, callback, 'property');","        return retObj;","    }","    else if (loc === '$') { // root only","        addRet(this._trace(x, val, path, null, null, callback));","    }","    else if (/^(-?[0-9]*):(-?[0-9]*):?([0-9]*)$/.test(loc)) { // [start:end:step]  Python slice syntax","        addRet(this._slice(loc, x, val, path, parent, parentPropName, callback));","    }","    else if (loc.indexOf('?(') === 0) { // [?(expr)] (filtering)","        if (this.currPreventEval) {","            throw new Error('Eval [?(expr)] prevented in JSONPath expression.');","        }","        this._walk(loc, x, val, path, parent, parentPropName, callback, function (m, l, x, v, p, par, pr, cb) {","            if (self._eval(l.replace(/^\\?\\((.*?)\\)$/, '$1'), v[m], m, p, par, pr)) {","                addRet(self._trace(unshift(m, x), v, p, par, pr, cb));","            }","        });","    }","    else if (loc[0] === '(') { // [(expr)] (dynamic property/index)","        if (this.currPreventEval) {","            throw new Error('Eval [(expr)] prevented in JSONPath expression.');","        }","        // As this will resolve to a property name (but we don't know it yet), property and parent information is relative to the parent of the property to which this expression will resolve","        addRet(this._trace(unshift(this._eval(loc, val, path[path.length - 1], path.slice(0, -1), parent, parentPropName), x), val, path, parent, parentPropName, callback));","    }","    else if (loc[0] === '@') { // value type: @boolean(), etc.","        var addType = false;","        var valueType = loc.slice(1, -2);","        switch (valueType) {","        case 'scalar':","            if (!val || !(['object', 'function'].includes(typeof val))) {","                addType = true;","            }","            break;","        case 'boolean': case 'string': case 'undefined': case 'function':","            if (typeof val === valueType) {","                addType = true;","            }","            break;","        case 'number':","            if (typeof val === valueType && isFinite(val)) {","                addType = true;","            }","            break;","        case 'nonFinite':","            if (typeof val === 'number' && !isFinite(val)) {","                addType = true;","            }","            break;","        case 'object':","            if (val && typeof val === valueType) {","                addType = true;","            }","            break;","        case 'array':","            if (Array.isArray(val)) {","                addType = true;","            }","            break;","        case 'other':","            addType = this.currOtherTypeCallback(val, path, parent, parentPropName);","            break;","        case 'integer':","            if (val === +val && isFinite(val) && !(val % 1)) {","                addType = true;","            }","            break;","        case 'null':","            if (val === null) {","                addType = true;","            }","            break;","        }","        if (addType) {","            retObj = {path: path, value: val, parent: parent, parentProperty: parentPropName};","            this._handleCallback(retObj, callback, 'value');","            return retObj;","        }","    }","    else if (loc[0] === '`' && val && Object.prototype.hasOwnProperty.call(val, loc.slice(1))) { // `-escaped property","        var locProp = loc.slice(1);","        addRet(this._trace(x, val[locProp], push(path, locProp), val, locProp, callback, true));","    }","    else if (loc.includes(',')) { // [name1,name2,...]","        var parts, i;","        for (parts = loc.split(','), i = 0; i < parts.length; i++) {","            addRet(this._trace(unshift(parts[i], x), val, path, parent, parentPropName, callback));","        }","    }","    else if (!literalPriority && val && Object.prototype.hasOwnProperty.call(val, loc)) { // simple case--directly follow property","        addRet(this._trace(x, val[loc], push(path, loc), val, loc, callback, true));","    }","","    // We check the resulting values for parent selections. For parent","    // selections we discard the value object and continue the trace with the","    // current val object","    if (this._hasParentSelector) {","        for (var t = 0; t < ret.length; t++) {","            var rett = ret[t];","            if (rett.isParentSelector) {","                var tmp = self._trace(rett.expr, val, rett.path, parent, parentPropName, callback);","                if (Array.isArray(tmp)) {","                    ret[t] = tmp[0];","                    for (var tt = 1, tl = tmp.length; tt < tl; tt++) {","                        t++;","                        ret.splice(t, 0, tmp[tt]);","                    }","                } else {","                    ret[t] = tmp;","                }","            }","        }","    }","    return ret;","};","","JSONPath.prototype._walk = function (loc, expr, val, path, parent, parentPropName, callback, f) {","    var i, n, m;","    if (Array.isArray(val)) {","        for (i = 0, n = val.length; i < n; i++) {","            f(i, loc, expr, val, path, parent, parentPropName, callback);","        }","    }","    else if (typeof val === 'object') {","        for (m in val) {","            if (Object.prototype.hasOwnProperty.call(val, m)) {","                f(m, loc, expr, val, path, parent, parentPropName, callback);","            }","        }","    }","};","","JSONPath.prototype._slice = function (loc, expr, val, path, parent, parentPropName, callback) {","    if (!Array.isArray(val)) {return;}","    var i,","        len = val.length, parts = loc.split(':'),","        start = (parts[0] && parseInt(parts[0], 10)) || 0,","        end = (parts[1] && parseInt(parts[1], 10)) || len,","        step = (parts[2] && parseInt(parts[2], 10)) || 1;","    start = (start < 0) ? Math.max(0, start + len) : Math.min(len, start);","    end = (end < 0) ? Math.max(0, end + len) : Math.min(len, end);","    var ret = [];","    for (i = start; i < end; i += step) {","        var tmp = this._trace(unshift(i, expr), val, path, parent, parentPropName, callback);","        if (Array.isArray(tmp)) {","            tmp.forEach(function (t) {","                ret.push(t);","            });","        }","        else {","            ret.push(tmp);","        }","    }","    return ret;","};","","JSONPath.prototype._eval = function (code, _v, _vname, path, parent, parentPropName) {","    if (!this._obj || !_v) {return false;}","    if (code.includes('@parentProperty')) {","        this.currSandbox._$_parentProperty = parentPropName;","        code = code.replace(/@parentProperty/g, '_$_parentProperty');","    }","    if (code.includes('@parent')) {","        this.currSandbox._$_parent = parent;","        code = code.replace(/@parent/g, '_$_parent');","    }","    if (code.includes('@property')) {","        this.currSandbox._$_property = _vname;","        code = code.replace(/@property/g, '_$_property');","    }","    if (code.includes('@path')) {","        this.currSandbox._$_path = JSONPath.toPathString(path.concat([_vname]));","        code = code.replace(/@path/g, '_$_path');","    }","    if (code.match(/@([\\.\\s\\)\\[])/)) {","        this.currSandbox._$_v = _v;","        code = code.replace(/@([\\.\\s\\)\\[])/g, '_$_v$1');","    }","    try {","        return vm.runInNewContext(code, this.currSandbox);","    }","    catch (e) {","        console.log(e);","        throw new Error('jsonPath: ' + e.message + ': ' + code);","    }","};","","// PUBLIC CLASS PROPERTIES AND METHODS","","// Could store the cache object itself","JSONPath.cache = {};","","JSONPath.toPathString = function (pathArr) {","    var i, n, x = pathArr, p = '$';","    for (i = 1, n = x.length; i < n; i++) {","        if (!(/^(~|\\^|@.*?\\(\\))$/).test(x[i])) {","            p += (/^[0-9*]+$/).test(x[i]) ? ('[' + x[i] + ']') : (\"['\" + x[i] + \"']\");","        }","    }","    return p;","};","","JSONPath.toPointer = function (pointer) {","    var i, n, x = pointer, p = '';","    for (i = 1, n = x.length; i < n; i++) {","        if (!(/^(~|\\^|@.*?\\(\\))$/).test(x[i])) {","            p += '/' + x[i].toString()","                  .replace(/\\~/g, '~0')","                  .replace(/\\//g, '~1');","        }","    }","    return p;","};","","JSONPath.toPathArray = function (expr) {","    var cache = JSONPath.cache;","    if (cache[expr]) {return cache[expr].concat();}","    var subx = [];","    var normalized = expr","                    // Properties","                    .replace(/@(?:null|boolean|number|string|integer|undefined|nonFinite|scalar|array|object|function|other)\\(\\)/g, ';$&;')","                    // Parenthetical evaluations (filtering and otherwise), directly within brackets or single quotes","                    .replace(/[\\['](\\??\\(.*?\\))[\\]']/g, function ($0, $1) {return '[#' + (subx.push($1) - 1) + ']';})","                    // Escape periods and tildes within properties","                    .replace(/\\['([^'\\]]*)'\\]/g, function ($0, prop) {","                        return \"['\" + prop","                            .replace(/\\./g, '%@%')","                            .replace(/~/g, '%%@@%%') +","                            \"']\";","                    })","                    // Properties operator","                    .replace(/~/g, ';~;')","                    // Split by property boundaries","                    .replace(/'?\\.'?(?![^\\[]*\\])|\\['?/g, ';')","                    // Reinsert periods within properties","                    .replace(/%@%/g, '.')","                    // Reinsert tildes within properties","                    .replace(/%%@@%%/g, '~')","                    // Parent","                    .replace(/(?:;)?(\\^+)(?:;)?/g, function ($0, ups) {return ';' + ups.split('').join(';') + ';';})","                    // Descendents","                    .replace(/;;;|;;/g, ';..;')","                    // Remove trailing","                    .replace(/;$|'?\\]|'$/g, '');","","    var exprList = normalized.split(';').map(function (expr) {","        var match = expr.match(/#([0-9]+)/);","        return !match || !match[1] ? expr : subx[match[1]];","    });","    cache[expr] = exprList;","    return cache[expr];","};","","// For backward compatibility (deprecated)","JSONPath.eval = function (obj, expr, opts) {","    return JSONPath(opts, expr, obj);","};","","if (typeof define === 'function' && define.amd) {","    define(function () {return JSONPath;});","}","else if (isNode) {","    module.exports = JSONPath;","}","else {","    glbl.jsonPath = { // Deprecated","        eval: JSONPath.eval","    };","    glbl.JSONPath = JSONPath;","}","}(this || self, typeof require === 'undefined' ? null : require));",""],"l":{"9":1,"10":1,"14":1,"16":1,"18":1,"19":0,"20":0,"23":1,"24":0,"25":0,"29":1,"30":0,"31":0,"32":0,"33":0,"38":1,"41":0,"42":0,"43":0,"44":0,"46":0,"47":0,"49":0,"50":0,"52":0,"55":0,"59":1,"60":1,"61":1,"62":0,"63":0,"64":0,"67":1,"68":0,"69":0,"70":0,"73":0,"74":0,"76":0,"80":0,"81":0,"82":0,"83":0,"84":0,"85":0,"87":0,"88":0,"89":0,"90":0,"91":0,"92":0,"93":0,"94":0,"95":0,"96":0,"97":0,"98":0,"99":0,"100":0,"103":0,"104":0,"108":0,"109":0,"111":0,"117":1,"118":0,"124":0,"125":0,"126":0,"127":0,"128":0,"130":0,"131":0,"132":0,"133":0,"134":0,"136":0,"137":0,"138":0,"139":0,"140":0,"141":0,"142":0,"143":0,"144":0,"145":0,"146":0,"148":0,"149":0,"151":0,"152":0,"154":0,"155":0,"157":0,"159":0,"160":0,"161":0,"162":0,"163":0,"165":0,"166":0,"167":0,"169":0,"170":0,"171":0,"172":0,"175":0,"177":0,"183":1,"184":0,"185":0,"187":0,"188":0,"190":0,"192":0,"194":0,"198":1,"199":0,"200":0,"201":0,"202":0,"206":1,"208":0,"209":0,"210":0,"211":0,"212":0,"215":0,"219":0,"220":1,"221":0,"223":1,"224":0,"225":0,"227":0,"231":0,"232":0,"234":0,"235":0,"236":0,"239":0,"240":0,"241":0,"243":0,"244":0,"250":0,"252":0,"253":0,"259":0,"260":0,"261":0,"262":0,"264":0,"265":0,"267":0,"268":0,"270":0,"271":0,"272":0,"274":0,"275":0,"276":0,"280":0,"281":0,"282":0,"285":0,"287":0,"288":0,"289":0,"290":0,"292":0,"293":0,"295":0,"297":0,"298":0,"300":0,"302":0,"303":0,"305":0,"307":0,"308":0,"310":0,"312":0,"313":0,"315":0,"317":0,"318":0,"320":0,"322":0,"323":0,"325":0,"326":0,"328":0,"330":0,"331":0,"333":0,"335":0,"336":0,"337":0,"338":0,"341":0,"342":0,"343":0,"345":0,"346":0,"347":0,"348":0,"351":0,"352":0,"358":0,"359":0,"360":0,"361":0,"362":0,"363":0,"364":0,"365":0,"366":0,"367":0,"370":0,"375":0,"378":1,"379":0,"380":0,"381":0,"382":0,"385":0,"386":0,"387":0,"388":0,"394":1,"395":0,"396":0,"401":0,"402":0,"403":0,"404":0,"405":0,"406":0,"407":0,"408":0,"412":0,"415":0,"418":1,"419":0,"420":0,"421":0,"422":0,"424":0,"425":0,"426":0,"428":0,"429":0,"430":0,"432":0,"433":0,"434":0,"436":0,"437":0,"438":0,"440":0,"441":0,"444":0,"445":0,"452":1,"454":1,"455":0,"456":0,"457":0,"458":0,"461":0,"464":1,"465":0,"466":0,"467":0,"468":0,"473":0,"476":1,"477":0,"478":0,"479":0,"480":0,"484":0,"487":0,"501":0,"507":0,"508":0,"509":0,"511":0,"512":0,"516":1,"517":0,"520":1,"521":0,"523":1,"524":1,"527":0,"530":0}}}